Starting at Sun Mar 18 19:40:27 CET 2018
Running on hosts: stek[001-128]
Running on 128 nodes.
Running on 1024 processors.
Current working directory is /home/hd/hd_hd/hd_ly428/workspace/lte/multigroup/unit/build
LD_LIBRARY_PATH is /opt/easybuild/software/Compiler/GCCcore/5.4.0/ncurses/6.0/lib:/opt/easybuild/software/MPI/GCC/5.4.0-2.26/OpenMPI/1.10.3/ScaLAPACK/2.0.2-OpenBLAS-0.2.18-LAPACK-3.6.1/lib:/opt/easybuild/software/Compiler/GCC/5.4.0-2.26/OpenBLAS/0.2.18-LAPACK-3.6.1/lib:/opt/easybuild/software/Compiler/GCCcore/5.4.0/binutils/2.26/lib:/opt/easybuild/software/Core/GCCcore/5.4.0/lib/gcc/x86_64-unknown-linux-gnu/5.4.0:/opt/easybuild/software/Core/GCCcore/5.4.0/lib64:/opt/easybuild/software/Core/GCCcore/5.4.0/lib:/opt/easybuild/software/MPI/GCC/5.4.0-2.26/OpenMPI/1.10.3/FFTW/3.3.4/lib:/opt/easybuild/software/Compiler/GCC/5.4.0-2.26/OpenMPI/1.10.3/lib:/opt/easybuild/software/Compiler/GCC/5.4.0-2.26/hwloc/1.11.3/lib:/opt/easybuild/software/Compiler/GCC/5.4.0-2.26/numactl/2.0.11/lib:/opt/slurm/lib
current mpicc is /opt/easybuild/software/Compiler/GCC/5.4.0-2.26/OpenMPI/1.10.3/bin/mpicc
tmpdir is /tmp
I_MPI_FABRICS=shm:tmi
I_MPI_PMI_LIBRARY=/opt/slurm/lib/libpmi.so
OMPI_MCA_btl=vader,self
OMPI_MCA_mtl=psm
DEAL::eps = 1.00000
DEAL::abs_rate = 0.00000
DEAL::max_energy = 3000.00
DEAL::flux_guess = 100.000
DEAL::temp_guess = 500.000
DEAL::Linear Simulator run starts.
DEAL::Refining triangulation... done.
DEAL::Geometric multigrid preconditioning.
DEAL::Setup system and storage... done.
DEAL::Assembling right hand side... done.
DEAL::Finite element: FESystem<2>[FESystem<2>[FE_DGQ<2>(1)^4]^10]
DEAL::Number of active cells: 4096
DEAL::DoFHandler levels:  160 640 2560 10240 40960 163840 655360
DEAL::Initializing linear preconditioner... done.
DEAL::Solving linear system... 
DEAL:GMRES::Check 0	5.20833
DEAL:GMRES::Starting value 5.20833
DEAL:GMRES::Check 1	0.203032
DEAL:GMRES::Check 2	0.00480797
DEAL:GMRES::Check 3	1.79695e-05
DEAL:GMRES::Check 4	6.81771e-07
DEAL:GMRES::Check 5	4.38435e-09
DEAL:GMRES::Convergence step 6 value 5.74814e-11
L2 error: 171.665


+---------------------------------------------+------------+------------+
| Total wallclock time elapsed since start    |       234s |            |
|                                             |            |            |
| Section                         | no. calls |  wall time | % of total |
+---------------------------------+-----------+------------+------------+
| Dofs::setup()                   |         1 |    0.0579s |         0% |
| GMG::init(...)                  |         1 |     0.581s |      0.25% |
| GMG::vmult(...)                 |         7 |       232s |        99% |
| MFO::reinit(...)                |         8 |    0.0232s |         0% |
| MFO::vmult_+(...) @ level 0     |        70 |      0.19s |         0% |
| MFO::vmult_+(...) @ level 1     |       182 |     0.541s |      0.23% |
| MFO::vmult_+(...) @ level 2     |       406 |       1.3s |      0.56% |
| MFO::vmult_+(...) @ level 3     |       854 |      2.81s |       1.2% |
| MFO::vmult_+(...) @ level 4     |      1750 |      5.93s |       2.5% |
| MFO::vmult_+(...) @ level 5     |      3542 |      13.6s |       5.8% |
| MFO::vmult_+(...) @ level 6     |      7133 |        85s |        36% |
| PSC::init(...) @ level          |         8 |     0.435s |      0.19% |
| PSC::vmult_+(...) @ level 0     |        14 |     0.533s |      0.23% |
| PSC::vmult_+(...) @ level 1     |        14 |      1.65s |       0.7% |
| PSC::vmult_+(...) @ level 2     |        14 |      3.97s |       1.7% |
| PSC::vmult_+(...) @ level 3     |        14 |      8.67s |       3.7% |
| PSC::vmult_+(...) @ level 4     |        14 |      18.2s |       7.8% |
| PSC::vmult_+(...) @ level 5     |        14 |      38.8s |        17% |
| PSC::vmult_+(...) @ level 6     |        14 |       160s |        68% |
| RHS::assemble()                 |         1 |   0.00505s |         0% |
| Sim::...refine_global(...)      |         1 |     0.058s |         0% |
| Sim::compute_error()            |         1 |   0.00353s |         0% |
| Sim::run()                      |         1 |       234s |     1e+02% |
| Sim::setup_system()             |         1 |    0.0631s |         0% |
| Sim::solve()                    |         1 |       233s |     1e+02% |
+---------------------------------+-----------+------------+------------+

DEAL::
DEAL::eps = 0.100000
DEAL::abs_rate = 0.00000
DEAL::max_energy = 3000.00
DEAL::flux_guess = 100.000
DEAL::temp_guess = 500.000
DEAL::Linear Simulator run starts.
DEAL::Refining triangulation... done.
DEAL::Geometric multigrid preconditioning.
DEAL::Setup system and storage... done.
DEAL::Assembling right hand side... done.
DEAL::Finite element: FESystem<2>[FESystem<2>[FE_DGQ<2>(1)^4]^10]
DEAL::Number of active cells: 4096
DEAL::DoFHandler levels:  160 640 2560 10240 40960 163840 655360
DEAL::Initializing linear preconditioner... done.
DEAL::Solving linear system... 
DEAL:GMRES::Check 0	0.520833
DEAL:GMRES::Starting value 0.520833
DEAL:GMRES::Check 1	0.0830809
DEAL:GMRES::Check 2	0.00422511
DEAL:GMRES::Check 3	2.72520e-05
DEAL:GMRES::Check 4	1.20405e-06
DEAL:GMRES::Check 5	5.58187e-09
DEAL:GMRES::Check 6	2.39839e-10
DEAL:GMRES::Convergence step 7 value 2.29348e-12
L2 error: 36.296


+---------------------------------------------+------------+------------+
| Total wallclock time elapsed since start    |       268s |            |
|                                             |            |            |
| Section                         | no. calls |  wall time | % of total |
+---------------------------------+-----------+------------+------------+
| Dofs::setup()                   |         1 |    0.0544s |         0% |
| GMG::init(...)                  |         1 |     0.575s |      0.21% |
| GMG::vmult(...)                 |         8 |       266s |        99% |
| MFO::reinit(...)                |         8 |    0.0232s |         0% |
| MFO::vmult_+(...) @ level 0     |        80 |     0.225s |         0% |
| MFO::vmult_+(...) @ level 1     |       208 |     0.644s |      0.24% |
| MFO::vmult_+(...) @ level 2     |       464 |      1.54s |      0.57% |
| MFO::vmult_+(...) @ level 3     |       976 |      3.31s |       1.2% |
| MFO::vmult_+(...) @ level 4     |      2000 |      7.02s |       2.6% |
| MFO::vmult_+(...) @ level 5     |      4048 |        15s |       5.6% |
| MFO::vmult_+(...) @ level 6     |      8152 |      98.2s |        37% |
| PSC::init(...) @ level          |         8 |     0.431s |      0.16% |
| PSC::vmult_+(...) @ level 0     |        16 |     0.617s |      0.23% |
| PSC::vmult_+(...) @ level 1     |        16 |       1.9s |      0.71% |
| PSC::vmult_+(...) @ level 2     |        16 |      4.58s |       1.7% |
| PSC::vmult_+(...) @ level 3     |        16 |        10s |       3.7% |
| PSC::vmult_+(...) @ level 4     |        16 |      21.1s |       7.9% |
| PSC::vmult_+(...) @ level 5     |        16 |      43.8s |        16% |
| PSC::vmult_+(...) @ level 6     |        16 |       184s |        69% |
| RHS::assemble()                 |         1 |   0.00501s |         0% |
| Sim::...refine_global(...)      |         1 |    0.0603s |         0% |
| Sim::compute_error()            |         1 |   0.00374s |         0% |
| Sim::run()                      |         1 |       268s |     1e+02% |
| Sim::setup_system()             |         1 |    0.0593s |         0% |
| Sim::solve()                    |         1 |       267s |     1e+02% |
+---------------------------------+-----------+------------+------------+

DEAL::
DEAL::eps = 0.0100000
DEAL::abs_rate = 0.00000
DEAL::max_energy = 3000.00
DEAL::flux_guess = 100.000
DEAL::temp_guess = 500.000
DEAL::Linear Simulator run starts.
DEAL::Refining triangulation... done.
DEAL::Geometric multigrid preconditioning.
DEAL::Setup system and storage... done.
DEAL::Assembling right hand side... done.
DEAL::Finite element: FESystem<2>[FESystem<2>[FE_DGQ<2>(1)^4]^10]
DEAL::Number of active cells: 4096
DEAL::DoFHandler levels:  160 640 2560 10240 40960 163840 655360
DEAL::Initializing linear preconditioner... done.
DEAL::Solving linear system... 
DEAL:GMRES::Check 0	0.0520833
DEAL:GMRES::Starting value 0.0520833
DEAL:GMRES::Check 1	0.0162176
DEAL:GMRES::Check 2	0.00153599
DEAL:GMRES::Check 3	7.59821e-05
DEAL:GMRES::Check 4	4.21695e-06
DEAL:GMRES::Check 5	2.21944e-07
DEAL:GMRES::Check 6	1.08075e-08
DEAL:GMRES::Check 7	6.13648e-10
DEAL:GMRES::Check 8	3.14845e-11
DEAL:GMRES::Convergence step 8 value 3.14845e-11
L2 error: 25.7886


+---------------------------------------------+------------+------------+
| Total wallclock time elapsed since start    |       308s |            |
|                                             |            |            |
| Section                         | no. calls |  wall time | % of total |
+---------------------------------+-----------+------------+------------+
| Dofs::setup()                   |         1 |    0.0542s |         0% |
| GMG::init(...)                  |         1 |     0.575s |      0.19% |
| GMG::vmult(...)                 |         9 |       306s |        99% |
| MFO::reinit(...)                |         8 |    0.0235s |         0% |
| MFO::vmult_+(...) @ level 0     |        90 |     0.271s |         0% |
| MFO::vmult_+(...) @ level 1     |       234 |     0.742s |      0.24% |
| MFO::vmult_+(...) @ level 2     |       522 |      1.76s |      0.57% |
| MFO::vmult_+(...) @ level 3     |      1098 |       3.8s |       1.2% |
| MFO::vmult_+(...) @ level 4     |      2250 |      8.82s |       2.9% |
| MFO::vmult_+(...) @ level 5     |      4554 |      17.5s |       5.7% |
| MFO::vmult_+(...) @ level 6     |      9171 |       116s |        38% |
| PSC::init(...) @ level          |         8 |     0.429s |      0.14% |
| PSC::vmult_+(...) @ level 0     |        18 |     0.706s |      0.23% |
| PSC::vmult_+(...) @ level 1     |        18 |      2.15s |       0.7% |
| PSC::vmult_+(...) @ level 2     |        18 |      5.18s |       1.7% |
| PSC::vmult_+(...) @ level 3     |        18 |      11.3s |       3.7% |
| PSC::vmult_+(...) @ level 4     |        18 |      24.7s |         8% |
| PSC::vmult_+(...) @ level 5     |        18 |        50s |        16% |
| PSC::vmult_+(...) @ level 6     |        18 |       212s |        69% |
| RHS::assemble()                 |         1 |   0.00492s |         0% |
| Sim::...refine_global(...)      |         1 |    0.0736s |         0% |
| Sim::compute_error()            |         1 |   0.00358s |         0% |
| Sim::run()                      |         1 |       308s |     1e+02% |
| Sim::setup_system()             |         1 |     0.059s |         0% |
| Sim::solve()                    |         1 |       308s |     1e+02% |
+---------------------------------+-----------+------------+------------+

DEAL::
DEAL::eps = 0.00100000
DEAL::abs_rate = 0.00000
DEAL::max_energy = 3000.00
DEAL::flux_guess = 100.000
DEAL::temp_guess = 500.000
DEAL::Linear Simulator run starts.
DEAL::Refining triangulation... done.
DEAL::Geometric multigrid preconditioning.
DEAL::Setup system and storage... done.
DEAL::Assembling right hand side... done.
DEAL::Finite element: FESystem<2>[FESystem<2>[FE_DGQ<2>(1)^4]^10]
DEAL::Number of active cells: 4096
DEAL::DoFHandler levels:  160 640 2560 10240 40960 163840 655360
DEAL::Initializing linear preconditioner... done.
DEAL::Solving linear system... 
DEAL:GMRES::Check 0	0.00520833
DEAL:GMRES::Starting value 0.00520833
DEAL:GMRES::Check 1	0.00496720
DEAL:GMRES::Check 2	0.00193412
DEAL:GMRES::Check 3	0.000161941
DEAL:GMRES::Check 4	1.00936e-05
DEAL:GMRES::Check 5	6.32388e-07
DEAL:GMRES::Check 6	3.62588e-08
DEAL:GMRES::Check 7	2.57490e-09
DEAL:GMRES::Check 8	1.65773e-10
DEAL:GMRES::Check 9	1.05158e-11
DEAL:GMRES::Convergence step 9 value 1.05158e-11
L2 error: 24.9162


+---------------------------------------------+------------+------------+
| Total wallclock time elapsed since start    |       345s |            |
|                                             |            |            |
| Section                         | no. calls |  wall time | % of total |
+---------------------------------+-----------+------------+------------+
| Dofs::setup()                   |         1 |    0.0591s |         0% |
| GMG::init(...)                  |         1 |     0.667s |      0.19% |
| GMG::vmult(...)                 |        10 |       342s |        99% |
| MFO::reinit(...)                |         8 |    0.0237s |         0% |
| MFO::vmult_+(...) @ level 0     |       100 |     0.282s |         0% |
| MFO::vmult_+(...) @ level 1     |       260 |     0.802s |      0.23% |
| MFO::vmult_+(...) @ level 2     |       580 |      1.91s |      0.55% |
| MFO::vmult_+(...) @ level 3     |      1220 |      4.31s |       1.3% |
| MFO::vmult_+(...) @ level 4     |      2500 |      8.97s |       2.6% |
| MFO::vmult_+(...) @ level 5     |      5060 |      19.4s |       5.6% |
| MFO::vmult_+(...) @ level 6     |     10190 |       130s |        38% |
| PSC::init(...) @ level          |         8 |     0.467s |      0.14% |
| PSC::vmult_+(...) @ level 0     |        20 |     0.769s |      0.22% |
| PSC::vmult_+(...) @ level 1     |        20 |       2.4s |       0.7% |
| PSC::vmult_+(...) @ level 2     |        20 |      5.77s |       1.7% |
| PSC::vmult_+(...) @ level 3     |        20 |      12.8s |       3.7% |
| PSC::vmult_+(...) @ level 4     |        20 |      26.8s |       7.8% |
| PSC::vmult_+(...) @ level 5     |        20 |      55.9s |        16% |
| PSC::vmult_+(...) @ level 6     |        20 |       237s |        69% |
| RHS::assemble()                 |         1 |   0.00477s |         0% |
| Sim::...refine_global(...)      |         1 |     0.062s |         0% |
| Sim::compute_error()            |         1 |    0.0036s |         0% |
| Sim::run()                      |         1 |       345s |     1e+02% |
| Sim::setup_system()             |         1 |    0.0639s |         0% |
| Sim::solve()                    |         1 |       344s |     1e+02% |
+---------------------------------+-----------+------------+------------+

DEAL::
DEAL::eps = 0.000100000
DEAL::abs_rate = 0.00000
DEAL::max_energy = 3000.00
DEAL::flux_guess = 100.000
DEAL::temp_guess = 500.000
DEAL::Linear Simulator run starts.
DEAL::Refining triangulation... done.
DEAL::Geometric multigrid preconditioning.
DEAL::Setup system and storage... done.
DEAL::Assembling right hand side... done.
DEAL::Finite element: FESystem<2>[FESystem<2>[FE_DGQ<2>(1)^4]^10]
DEAL::Number of active cells: 4096
DEAL::DoFHandler levels:  160 640 2560 10240 40960 163840 655360
DEAL::Initializing linear preconditioner... done.
DEAL::Solving linear system... 
DEAL:GMRES::Check 0	0.000520833
DEAL:GMRES::Starting value 0.000520833
DEAL:GMRES::Check 1	0.000520698
DEAL:GMRES::Check 2	0.000501902
DEAL:GMRES::Check 3	0.000186116
DEAL:GMRES::Check 4	1.03721e-05
DEAL:GMRES::Check 5	8.18963e-07
DEAL:GMRES::Check 6	4.44344e-08
DEAL:GMRES::Check 7	3.71119e-09
DEAL:GMRES::Check 8	2.30405e-10
DEAL:GMRES::Check 9	1.59156e-11
DEAL:GMRES::Convergence step 9 value 1.59156e-11
L2 error: 24.8317


+---------------------------------------------+------------+------------+
| Total wallclock time elapsed since start    |       347s |            |
|                                             |            |            |
| Section                         | no. calls |  wall time | % of total |
+---------------------------------+-----------+------------+------------+
| Dofs::setup()                   |         1 |    0.0575s |         0% |
| GMG::init(...)                  |         1 |     0.579s |      0.17% |
| GMG::vmult(...)                 |        10 |       345s |        99% |
| MFO::reinit(...)                |         8 |    0.0244s |         0% |
| MFO::vmult_+(...) @ level 0     |       150 |     0.425s |      0.12% |
| MFO::vmult_+(...) @ level 1     |       260 |     0.874s |      0.25% |
| MFO::vmult_+(...) @ level 2     |       580 |      1.95s |      0.56% |
| MFO::vmult_+(...) @ level 3     |      1220 |      4.71s |       1.4% |
| MFO::vmult_+(...) @ level 4     |      2500 |      9.14s |       2.6% |
| MFO::vmult_+(...) @ level 5     |      5060 |      18.5s |       5.3% |
| MFO::vmult_+(...) @ level 6     |     10190 |       133s |        38% |
| PSC::init(...) @ level          |         8 |     0.433s |      0.12% |
| PSC::vmult_+(...) @ level 0     |        30 |      1.17s |      0.34% |
| PSC::vmult_+(...) @ level 1     |        20 |      2.47s |      0.71% |
| PSC::vmult_+(...) @ level 2     |        20 |      5.81s |       1.7% |
| PSC::vmult_+(...) @ level 3     |        20 |      13.2s |       3.8% |
| PSC::vmult_+(...) @ level 4     |        20 |      26.9s |       7.8% |
| PSC::vmult_+(...) @ level 5     |        20 |        55s |        16% |
| PSC::vmult_+(...) @ level 6     |        20 |       240s |        69% |
| RHS::assemble()                 |         1 |   0.00478s |         0% |
| Sim::...refine_global(...)      |         1 |    0.0617s |         0% |
| Sim::compute_error()            |         1 |   0.00359s |         0% |
| Sim::run()                      |         1 |       347s |     1e+02% |
| Sim::setup_system()             |         1 |    0.0623s |         0% |
| Sim::solve()                    |         1 |       346s |     1e+02% |
+---------------------------------+-----------+------------+------------+

DEAL::
DEAL::eps = 1.00000e-05
DEAL::abs_rate = 0.00000
DEAL::max_energy = 3000.00
DEAL::flux_guess = 100.000
DEAL::temp_guess = 500.000
DEAL::Linear Simulator run starts.
DEAL::Refining triangulation... done.
DEAL::Geometric multigrid preconditioning.
DEAL::Setup system and storage... done.
DEAL::Assembling right hand side... done.
DEAL::Finite element: FESystem<2>[FESystem<2>[FE_DGQ<2>(1)^4]^10]
DEAL::Number of active cells: 4096
DEAL::DoFHandler levels:  160 640 2560 10240 40960 163840 655360
DEAL::Initializing linear preconditioner... done.
DEAL::Solving linear system... 
DEAL:GMRES::Check 0	5.20833e-05
DEAL:GMRES::Starting value 5.20833e-05
DEAL:GMRES::Check 1	5.20832e-05
DEAL:GMRES::Check 2	5.20633e-05
DEAL:GMRES::Check 3	5.04489e-05
DEAL:GMRES::Check 4	1.02178e-05
DEAL:GMRES::Check 5	8.38159e-07
DEAL:GMRES::Check 6	4.52218e-08
DEAL:GMRES::Check 7	3.82747e-09
DEAL:GMRES::Check 8	2.35819e-10
DEAL:GMRES::Check 9	1.64309e-11
DEAL:GMRES::Convergence step 9 value 1.64309e-11
L2 error: 24.8233


+---------------------------------------------+------------+------------+
| Total wallclock time elapsed since start    |       345s |            |
|                                             |            |            |
| Section                         | no. calls |  wall time | % of total |
+---------------------------------+-----------+------------+------------+
| Dofs::setup()                   |         1 |    0.0539s |         0% |
| GMG::init(...)                  |         1 |     0.574s |      0.17% |
| GMG::vmult(...)                 |        10 |       343s |        99% |
| MFO::reinit(...)                |         8 |    0.0229s |         0% |
| MFO::vmult_+(...) @ level 0     |       150 |     0.419s |      0.12% |
| MFO::vmult_+(...) @ level 1     |       260 |       0.8s |      0.23% |
| MFO::vmult_+(...) @ level 2     |       580 |      1.91s |      0.55% |
| MFO::vmult_+(...) @ level 3     |      1220 |      4.14s |       1.2% |
| MFO::vmult_+(...) @ level 4     |      2500 |      8.94s |       2.6% |
| MFO::vmult_+(...) @ level 5     |      5060 |      20.5s |         6% |
| MFO::vmult_+(...) @ level 6     |     10190 |       130s |        38% |
| PSC::init(...) @ level          |         8 |     0.433s |      0.13% |
| PSC::vmult_+(...) @ level 0     |        30 |      1.16s |      0.34% |
| PSC::vmult_+(...) @ level 1     |        20 |       2.4s |      0.69% |
| PSC::vmult_+(...) @ level 2     |        20 |      5.78s |       1.7% |
| PSC::vmult_+(...) @ level 3     |        20 |      12.7s |       3.7% |
| PSC::vmult_+(...) @ level 4     |        20 |      26.7s |       7.7% |
| PSC::vmult_+(...) @ level 5     |        20 |        57s |        17% |
| PSC::vmult_+(...) @ level 6     |        20 |       237s |        69% |
| RHS::assemble()                 |         1 |   0.00512s |         0% |
| Sim::...refine_global(...)      |         1 |     0.057s |         0% |
| Sim::compute_error()            |         1 |   0.00358s |         0% |
| Sim::run()                      |         1 |       345s |     1e+02% |
| Sim::setup_system()             |         1 |    0.0588s |         0% |
| Sim::solve()                    |         1 |       345s |     1e+02% |
+---------------------------------+-----------+------------+------------+

DEAL::
Program finished with exit code 0 at: Sun Mar 18 20:11:47 CET 2018
