Starting at Sun Mar 18 19:58:39 CET 2018
Running on hosts: stek[129-250,252-355,365-394]
Running on 256 nodes.
Running on 2048 processors.
Current working directory is /home/hd/hd_hd/hd_ly428/workspace/lte/multigroup/unit/build
LD_LIBRARY_PATH is /opt/easybuild/software/Compiler/GCCcore/5.4.0/ncurses/6.0/lib:/opt/easybuild/software/MPI/GCC/5.4.0-2.26/OpenMPI/1.10.3/ScaLAPACK/2.0.2-OpenBLAS-0.2.18-LAPACK-3.6.1/lib:/opt/easybuild/software/Compiler/GCC/5.4.0-2.26/OpenBLAS/0.2.18-LAPACK-3.6.1/lib:/opt/easybuild/software/Compiler/GCCcore/5.4.0/binutils/2.26/lib:/opt/easybuild/software/Core/GCCcore/5.4.0/lib/gcc/x86_64-unknown-linux-gnu/5.4.0:/opt/easybuild/software/Core/GCCcore/5.4.0/lib64:/opt/easybuild/software/Core/GCCcore/5.4.0/lib:/opt/easybuild/software/MPI/GCC/5.4.0-2.26/OpenMPI/1.10.3/FFTW/3.3.4/lib:/opt/easybuild/software/Compiler/GCC/5.4.0-2.26/OpenMPI/1.10.3/lib:/opt/easybuild/software/Compiler/GCC/5.4.0-2.26/hwloc/1.11.3/lib:/opt/easybuild/software/Compiler/GCC/5.4.0-2.26/numactl/2.0.11/lib:/opt/slurm/lib
current mpicc is /opt/easybuild/software/Compiler/GCC/5.4.0-2.26/OpenMPI/1.10.3/bin/mpicc
tmpdir is /tmp
I_MPI_FABRICS=shm:tmi
I_MPI_PMI_LIBRARY=/opt/slurm/lib/libpmi.so
OMPI_MCA_btl=vader,self
OMPI_MCA_mtl=psm
DEAL::eps = 1.00000
DEAL::abs_rate = 0.00000
DEAL::max_energy = 3000.00
DEAL::flux_guess = 100.000
DEAL::temp_guess = 500.000
DEAL::Linear Simulator run starts.
DEAL::Refining triangulation... done.
DEAL::Geometric multigrid preconditioning.
DEAL::Setup system and storage... done.
DEAL::Assembling right hand side... done.
DEAL::Finite element: FESystem<2>[FESystem<2>[FE_DGQ<2>(1)^4]^10]
DEAL::Number of active cells: 16384
DEAL::DoFHandler levels:  160 640 2560 10240 40960 163840 655360 2621440
DEAL::Initializing linear preconditioner... done.
DEAL::Solving linear system... 
DEAL:GMRES::Check 0	2.60417
DEAL:GMRES::Starting value 2.60417
DEAL:GMRES::Check 1	0.102940
DEAL:GMRES::Check 2	0.00247306
DEAL:GMRES::Check 3	6.56202e-06
DEAL:GMRES::Check 4	3.11830e-07
DEAL:GMRES::Check 5	1.32839e-09
DEAL:GMRES::Convergence step 6 value 1.95256e-11
L2 error: 171.666


+---------------------------------------------+------------+------------+
| Total wallclock time elapsed since start    |       737s |            |
|                                             |            |            |
| Section                         | no. calls |  wall time | % of total |
+---------------------------------+-----------+------------+------------+
| Dofs::setup()                   |         1 |    0.0753s |         0% |
| GMG::init(...)                  |         1 |     0.945s |      0.13% |
| GMG::vmult(...)                 |         7 |       734s |     1e+02% |
| MFO::reinit(...)                |         9 |     0.037s |         0% |
| MFO::vmult_+(...) @ level 0     |        70 |     0.191s |         0% |
| MFO::vmult_+(...) @ level 1     |       182 |     0.548s |         0% |
| MFO::vmult_+(...) @ level 2     |       406 |      1.31s |      0.18% |
| MFO::vmult_+(...) @ level 3     |       854 |      3.11s |      0.42% |
| MFO::vmult_+(...) @ level 4     |      1750 |      6.63s |       0.9% |
| MFO::vmult_+(...) @ level 5     |      3542 |      13.8s |       1.9% |
| MFO::vmult_+(...) @ level 6     |      7126 |      50.1s |       6.8% |
| MFO::vmult_+(...) @ level 7     |     14301 |       349s |        47% |
| PSC::init(...) @ level          |         9 |     0.692s |         0% |
| PSC::vmult_+(...) @ level 0     |        14 |      0.55s |         0% |
| PSC::vmult_+(...) @ level 1     |        14 |       1.7s |      0.23% |
| PSC::vmult_+(...) @ level 2     |        14 |       4.1s |      0.56% |
| PSC::vmult_+(...) @ level 3     |        14 |      9.27s |       1.3% |
| PSC::vmult_+(...) @ level 4     |        14 |      19.7s |       2.7% |
| PSC::vmult_+(...) @ level 5     |        14 |      40.5s |       5.5% |
| PSC::vmult_+(...) @ level 6     |        14 |       105s |        14% |
| PSC::vmult_+(...) @ level 7     |        14 |       553s |        75% |
| RHS::assemble()                 |         1 |   0.00872s |         0% |
| Sim::...refine_global(...)      |         1 |     0.121s |         0% |
| Sim::compute_error()            |         1 |   0.00382s |         0% |
| Sim::run()                      |         1 |       737s |     1e+02% |
| Sim::setup_system()             |         1 |    0.0825s |         0% |
| Sim::solve()                    |         1 |       736s |     1e+02% |
+---------------------------------+-----------+------------+------------+

DEAL::
DEAL::eps = 0.100000
DEAL::abs_rate = 0.00000
DEAL::max_energy = 3000.00
DEAL::flux_guess = 100.000
DEAL::temp_guess = 500.000
DEAL::Linear Simulator run starts.
DEAL::Refining triangulation... done.
DEAL::Geometric multigrid preconditioning.
DEAL::Setup system and storage... done.
DEAL::Assembling right hand side... done.
DEAL::Finite element: FESystem<2>[FESystem<2>[FE_DGQ<2>(1)^4]^10]
DEAL::Number of active cells: 16384
DEAL::DoFHandler levels:  160 640 2560 10240 40960 163840 655360 2621440
DEAL::Initializing linear preconditioner... done.
DEAL::Solving linear system... 
DEAL:GMRES::Check 0	0.260417
DEAL:GMRES::Starting value 0.260417
DEAL:GMRES::Check 1	0.0410987
DEAL:GMRES::Check 2	0.00208034
DEAL:GMRES::Check 3	1.12066e-05
DEAL:GMRES::Check 4	3.79015e-07
DEAL:GMRES::Check 5	1.94606e-09
DEAL:GMRES::Check 6	8.45630e-11
DEAL:GMRES::Convergence step 6 value 8.45630e-11
L2 error: 36.2963


+---------------------------------------------+------------+------------+
| Total wallclock time elapsed since start    |       748s |            |
|                                             |            |            |
| Section                         | no. calls |  wall time | % of total |
+---------------------------------+-----------+------------+------------+
| Dofs::setup()                   |         1 |    0.0774s |         0% |
| GMG::init(...)                  |         1 |      0.96s |      0.13% |
| GMG::vmult(...)                 |         7 |       746s |     1e+02% |
| MFO::reinit(...)                |         9 |    0.0362s |         0% |
| MFO::vmult_+(...) @ level 0     |        70 |     0.213s |         0% |
| MFO::vmult_+(...) @ level 1     |       182 |     0.582s |         0% |
| MFO::vmult_+(...) @ level 2     |       406 |      1.39s |      0.19% |
| MFO::vmult_+(...) @ level 3     |       854 |      3.04s |      0.41% |
| MFO::vmult_+(...) @ level 4     |      1750 |      6.56s |      0.88% |
| MFO::vmult_+(...) @ level 5     |      3542 |      13.7s |       1.8% |
| MFO::vmult_+(...) @ level 6     |      7126 |      52.4s |         7% |
| MFO::vmult_+(...) @ level 7     |     14301 |       360s |        48% |
| PSC::init(...) @ level          |         9 |      0.69s |         0% |
| PSC::vmult_+(...) @ level 0     |        14 |     0.563s |         0% |
| PSC::vmult_+(...) @ level 1     |        14 |      1.73s |      0.23% |
| PSC::vmult_+(...) @ level 2     |        14 |      4.17s |      0.56% |
| PSC::vmult_+(...) @ level 3     |        14 |      9.17s |       1.2% |
| PSC::vmult_+(...) @ level 4     |        14 |      19.5s |       2.6% |
| PSC::vmult_+(...) @ level 5     |        14 |      40.2s |       5.4% |
| PSC::vmult_+(...) @ level 6     |        14 |       107s |        14% |
| PSC::vmult_+(...) @ level 7     |        14 |       563s |        75% |
| RHS::assemble()                 |         1 |   0.00953s |         0% |
| Sim::...refine_global(...)      |         1 |     0.112s |         0% |
| Sim::compute_error()            |         1 |   0.00389s |         0% |
| Sim::run()                      |         1 |       748s |     1e+02% |
| Sim::setup_system()             |         1 |    0.0846s |         0% |
| Sim::solve()                    |         1 |       748s |     1e+02% |
+---------------------------------+-----------+------------+------------+

DEAL::
DEAL::eps = 0.0100000
DEAL::abs_rate = 0.00000
DEAL::max_energy = 3000.00
DEAL::flux_guess = 100.000
DEAL::temp_guess = 500.000
DEAL::Linear Simulator run starts.
DEAL::Refining triangulation... done.
DEAL::Geometric multigrid preconditioning.
DEAL::Setup system and storage... done.
DEAL::Assembling right hand side... done.
DEAL::Finite element: FESystem<2>[FESystem<2>[FE_DGQ<2>(1)^4]^10]
DEAL::Number of active cells: 16384
DEAL::DoFHandler levels:  160 640 2560 10240 40960 163840 655360 2621440
DEAL::Initializing linear preconditioner... done.
DEAL::Solving linear system... 
DEAL:GMRES::Check 0	0.0260417
DEAL:GMRES::Starting value 0.0260417
DEAL:GMRES::Check 1	0.00665076
DEAL:GMRES::Check 2	0.000524338
DEAL:GMRES::Check 3	1.76344e-05
DEAL:GMRES::Check 4	4.63129e-07
DEAL:GMRES::Check 5	1.45614e-08
DEAL:GMRES::Check 6	4.41317e-10
DEAL:GMRES::Check 7	1.47406e-11
DEAL:GMRES::Convergence step 7 value 1.47406e-11
L2 error: 25.7901


+---------------------------------------------+------------+------------+
| Total wallclock time elapsed since start    |       859s |            |
|                                             |            |            |
| Section                         | no. calls |  wall time | % of total |
+---------------------------------+-----------+------------+------------+
| Dofs::setup()                   |         1 |    0.0792s |         0% |
| GMG::init(...)                  |         1 |     0.958s |      0.11% |
| GMG::vmult(...)                 |         8 |       856s |     1e+02% |
| MFO::reinit(...)                |         9 |    0.0356s |         0% |
| MFO::vmult_+(...) @ level 0     |        80 |     0.228s |         0% |
| MFO::vmult_+(...) @ level 1     |       208 |     0.652s |         0% |
| MFO::vmult_+(...) @ level 2     |       464 |      1.55s |      0.18% |
| MFO::vmult_+(...) @ level 3     |       976 |      3.36s |      0.39% |
| MFO::vmult_+(...) @ level 4     |      2000 |       7.1s |      0.83% |
| MFO::vmult_+(...) @ level 5     |      4048 |        15s |       1.7% |
| MFO::vmult_+(...) @ level 6     |      8144 |        57s |       6.6% |
| MFO::vmult_+(...) @ level 7     |     16344 |       418s |        49% |
| PSC::init(...) @ level          |         9 |      0.72s |         0% |
| PSC::vmult_+(...) @ level 0     |        16 |     0.642s |         0% |
| PSC::vmult_+(...) @ level 1     |        16 |      1.97s |      0.23% |
| PSC::vmult_+(...) @ level 2     |        16 |      4.76s |      0.55% |
| PSC::vmult_+(...) @ level 3     |        16 |      10.4s |       1.2% |
| PSC::vmult_+(...) @ level 4     |        16 |        22s |       2.6% |
| PSC::vmult_+(...) @ level 5     |        16 |      45.4s |       5.3% |
| PSC::vmult_+(...) @ level 6     |        16 |       119s |        14% |
| PSC::vmult_+(...) @ level 7     |        16 |       651s |        76% |
| RHS::assemble()                 |         1 |   0.00886s |         0% |
| Sim::...refine_global(...)      |         1 |     0.111s |         0% |
| Sim::compute_error()            |         1 |   0.00392s |         0% |
| Sim::run()                      |         1 |       859s |     1e+02% |
| Sim::setup_system()             |         1 |    0.0862s |         0% |
| Sim::solve()                    |         1 |       858s |     1e+02% |
+---------------------------------+-----------+------------+------------+

DEAL::
DEAL::eps = 0.00100000
DEAL::abs_rate = 0.00000
DEAL::max_energy = 3000.00
DEAL::flux_guess = 100.000
DEAL::temp_guess = 500.000
DEAL::Linear Simulator run starts.
DEAL::Refining triangulation... done.
DEAL::Geometric multigrid preconditioning.
DEAL::Setup system and storage... done.
DEAL::Assembling right hand side... done.
DEAL::Finite element: FESystem<2>[FESystem<2>[FE_DGQ<2>(1)^4]^10]
DEAL::Number of active cells: 16384
DEAL::DoFHandler levels:  160 640 2560 10240 40960 163840 655360 2621440
DEAL::Initializing linear preconditioner... done.
DEAL::Solving linear system... 
DEAL:GMRES::Check 0	0.00260417
DEAL:GMRES::Starting value 0.00260417
DEAL:GMRES::Check 1	0.00234831
DEAL:GMRES::Check 2	0.000495540
DEAL:GMRES::Check 3	3.81128e-05
DEAL:GMRES::Check 4	2.74012e-06
DEAL:GMRES::Check 5	1.21663e-07
DEAL:GMRES::Check 6	9.38497e-09
DEAL:GMRES::Check 7	5.94548e-10
DEAL:GMRES::Check 8	4.13116e-11
DEAL:GMRES::Convergence step 8 value 4.13116e-11
L2 error: 24.9205


+---------------------------------------------+------------+------------+
| Total wallclock time elapsed since start    |       973s |            |
|                                             |            |            |
| Section                         | no. calls |  wall time | % of total |
+---------------------------------+-----------+------------+------------+
| Dofs::setup()                   |         1 |    0.0758s |         0% |
| GMG::init(...)                  |         1 |     0.939s |         0% |
| GMG::vmult(...)                 |         9 |       970s |     1e+02% |
| MFO::reinit(...)                |         9 |    0.0354s |         0% |
| MFO::vmult_+(...) @ level 0     |        90 |     0.257s |         0% |
| MFO::vmult_+(...) @ level 1     |       234 |      0.73s |         0% |
| MFO::vmult_+(...) @ level 2     |       522 |      1.78s |      0.18% |
| MFO::vmult_+(...) @ level 3     |      1098 |      4.06s |      0.42% |
| MFO::vmult_+(...) @ level 4     |      2250 |      8.41s |      0.86% |
| MFO::vmult_+(...) @ level 5     |      4554 |      17.5s |       1.8% |
| MFO::vmult_+(...) @ level 6     |      9162 |      66.4s |       6.8% |
| MFO::vmult_+(...) @ level 7     |     18387 |       473s |        49% |
| PSC::init(...) @ level          |         9 |     0.689s |         0% |
| PSC::vmult_+(...) @ level 0     |        18 |     0.713s |         0% |
| PSC::vmult_+(...) @ level 1     |        18 |      2.24s |      0.23% |
| PSC::vmult_+(...) @ level 2     |        18 |      5.41s |      0.56% |
| PSC::vmult_+(...) @ level 3     |        18 |      12.1s |       1.2% |
| PSC::vmult_+(...) @ level 4     |        18 |      25.3s |       2.6% |
| PSC::vmult_+(...) @ level 5     |        18 |      52.1s |       5.4% |
| PSC::vmult_+(...) @ level 6     |        18 |       136s |        14% |
| PSC::vmult_+(...) @ level 7     |        18 |       734s |        75% |
| RHS::assemble()                 |         1 |   0.00904s |         0% |
| Sim::...refine_global(...)      |         1 |      0.11s |         0% |
| Sim::compute_error()            |         1 |   0.00384s |         0% |
| Sim::run()                      |         1 |       973s |     1e+02% |
| Sim::setup_system()             |         1 |    0.0828s |         0% |
| Sim::solve()                    |         1 |       972s |     1e+02% |
+---------------------------------+-----------+------------+------------+

DEAL::
DEAL::eps = 0.000100000
DEAL::abs_rate = 0.00000
DEAL::max_energy = 3000.00
DEAL::flux_guess = 100.000
DEAL::temp_guess = 500.000
DEAL::Linear Simulator run starts.
DEAL::Refining triangulation... done.
DEAL::Geometric multigrid preconditioning.
DEAL::Setup system and storage... done.
DEAL::Assembling right hand side... done.
DEAL::Finite element: FESystem<2>[FESystem<2>[FE_DGQ<2>(1)^4]^10]
DEAL::Number of active cells: 16384
DEAL::DoFHandler levels:  160 640 2560 10240 40960 163840 655360 2621440
DEAL::Initializing linear preconditioner... done.
DEAL::Solving linear system... 
DEAL:GMRES::Check 0	0.000260417
DEAL:GMRES::Starting value 0.000260417
DEAL:GMRES::Check 1	0.000260270
DEAL:GMRES::Check 2	0.000248056
DEAL:GMRES::Check 3	8.01996e-05
DEAL:GMRES::Check 4	4.91555e-06
DEAL:GMRES::Check 5	4.21341e-07
DEAL:GMRES::Check 6	2.01048e-08
DEAL:GMRES::Check 7	1.56696e-09
DEAL:GMRES::Check 8	9.87991e-11
DEAL:GMRES::Convergence step 8 value 9.87991e-11
L2 error: 24.8361


+---------------------------------------------+------------+------------+
| Total wallclock time elapsed since start    |       952s |            |
|                                             |            |            |
| Section                         | no. calls |  wall time | % of total |
+---------------------------------+-----------+------------+------------+
| Dofs::setup()                   |         1 |    0.0773s |         0% |
| GMG::init(...)                  |         1 |     0.938s |         0% |
| GMG::vmult(...)                 |         9 |       948s |     1e+02% |
| MFO::reinit(...)                |         9 |    0.0352s |         0% |
| MFO::vmult_+(...) @ level 0     |       135 |     0.386s |         0% |
| MFO::vmult_+(...) @ level 1     |       234 |     0.733s |         0% |
| MFO::vmult_+(...) @ level 2     |       522 |      1.89s |       0.2% |
| MFO::vmult_+(...) @ level 3     |      1098 |      4.07s |      0.43% |
| MFO::vmult_+(...) @ level 4     |      2250 |      8.45s |      0.89% |
| MFO::vmult_+(...) @ level 5     |      4554 |      17.3s |       1.8% |
| MFO::vmult_+(...) @ level 6     |      9162 |      62.6s |       6.6% |
| MFO::vmult_+(...) @ level 7     |     18387 |       455s |        48% |
| PSC::init(...) @ level          |         9 |     0.691s |         0% |
| PSC::vmult_+(...) @ level 0     |        27 |      1.08s |      0.11% |
| PSC::vmult_+(...) @ level 1     |        18 |      2.24s |      0.24% |
| PSC::vmult_+(...) @ level 2     |        18 |      5.54s |      0.58% |
| PSC::vmult_+(...) @ level 3     |        18 |      12.1s |       1.3% |
| PSC::vmult_+(...) @ level 4     |        18 |      25.4s |       2.7% |
| PSC::vmult_+(...) @ level 5     |        18 |      51.9s |       5.5% |
| PSC::vmult_+(...) @ level 6     |        18 |       133s |        14% |
| PSC::vmult_+(...) @ level 7     |        18 |       717s |        75% |
| RHS::assemble()                 |         1 |   0.00946s |         0% |
| Sim::...refine_global(...)      |         1 |     0.108s |         0% |
| Sim::compute_error()            |         1 |   0.00387s |         0% |
| Sim::run()                      |         1 |       951s |     1e+02% |
| Sim::setup_system()             |         1 |    0.0841s |         0% |
| Sim::solve()                    |         1 |       951s |     1e+02% |
+---------------------------------+-----------+------------+------------+

DEAL::
DEAL::eps = 1.00000e-05
DEAL::abs_rate = 0.00000
DEAL::max_energy = 3000.00
DEAL::flux_guess = 100.000
DEAL::temp_guess = 500.000
DEAL::Linear Simulator run starts.
DEAL::Refining triangulation... done.
DEAL::Geometric multigrid preconditioning.
DEAL::Setup system and storage... done.
DEAL::Assembling right hand side... done.
DEAL::Finite element: FESystem<2>[FESystem<2>[FE_DGQ<2>(1)^4]^10]
DEAL::Number of active cells: 16384
DEAL::DoFHandler levels:  160 640 2560 10240 40960 163840 655360 2621440
DEAL::Initializing linear preconditioner... done.
DEAL::Solving linear system... 
DEAL:GMRES::Check 0	2.60417e-05
DEAL:GMRES::Starting value 2.60417e-05
DEAL:GMRES::Check 1	2.60416e-05
DEAL:GMRES::Check 2	2.60283e-05
DEAL:GMRES::Check 3	2.49340e-05
DEAL:GMRES::Check 4	4.86350e-06
DEAL:GMRES::Check 5	4.34124e-07
DEAL:GMRES::Check 6	2.05906e-08
DEAL:GMRES::Check 7	1.64748e-09
DEAL:GMRES::Check 8	1.02791e-10
DEAL:GMRES::Check 9	7.75021e-12
DEAL:GMRES::Convergence step 9 value 7.75021e-12
L2 error: 24.8277


+---------------------------------------------+------------+------------+
| Total wallclock time elapsed since start    |  1.06e+03s |            |
|                                             |            |            |
| Section                         | no. calls |  wall time | % of total |
+---------------------------------+-----------+------------+------------+
| Dofs::setup()                   |         1 |    0.0729s |         0% |
| GMG::init(...)                  |         1 |     0.942s |         0% |
| GMG::vmult(...)                 |        10 |  1.06e+03s |     1e+02% |
| MFO::reinit(...)                |         9 |    0.0361s |         0% |
| MFO::vmult_+(...) @ level 0     |       150 |     0.435s |         0% |
| MFO::vmult_+(...) @ level 1     |       260 |      0.81s |         0% |
| MFO::vmult_+(...) @ level 2     |       580 |      1.94s |      0.18% |
| MFO::vmult_+(...) @ level 3     |      1220 |      4.25s |       0.4% |
| MFO::vmult_+(...) @ level 4     |      2500 |      9.05s |      0.85% |
| MFO::vmult_+(...) @ level 5     |      5060 |      19.2s |       1.8% |
| MFO::vmult_+(...) @ level 6     |     10180 |      71.2s |       6.7% |
| MFO::vmult_+(...) @ level 7     |     20430 |       511s |        48% |
| PSC::init(...) @ level          |         9 |      0.69s |         0% |
| PSC::vmult_+(...) @ level 0     |        30 |      1.21s |      0.11% |
| PSC::vmult_+(...) @ level 1     |        20 |      2.48s |      0.23% |
| PSC::vmult_+(...) @ level 2     |        20 |      5.99s |      0.56% |
| PSC::vmult_+(...) @ level 3     |        20 |      13.2s |       1.2% |
| PSC::vmult_+(...) @ level 4     |        20 |      27.9s |       2.6% |
| PSC::vmult_+(...) @ level 5     |        20 |      57.6s |       5.4% |
| PSC::vmult_+(...) @ level 6     |        20 |       149s |        14% |
| PSC::vmult_+(...) @ level 7     |        20 |       802s |        75% |
| RHS::assemble()                 |         1 |   0.00839s |         0% |
| Sim::...refine_global(...)      |         1 |      0.12s |         0% |
| Sim::compute_error()            |         1 |   0.00383s |         0% |
| Sim::run()                      |         1 |  1.06e+03s |     1e+02% |
| Sim::setup_system()             |         1 |    0.0799s |         0% |
| Sim::solve()                    |         1 |  1.06e+03s |     1e+02% |
+---------------------------------+-----------+------------+------------+

DEAL::
Program finished with exit code 0 at: Sun Mar 18 21:28:36 CET 2018

DEAL::eps = 1.00000
DEAL::abs_rate = 1.00000e-05
DEAL::max_energy = 3000.00
DEAL::flux_guess = 100.000
DEAL::temp_guess = 500.000
DEAL::Nonlinear Simulator run starts.
DEAL::Refining triangulation... done.
DEAL::Geometric multigrid preconditioning.
DEAL::Setup system and storage... done.
DEAL::Finite element: FESystem<2>[FESystem<2>[FE_DGQ<2>(1)^4]^10-FESystem<2>[FE_DGQ<2>(1)]]
DEAL::Number of active cells: 16384
DEAL::DoFHandler levels:  164 656 2624 10496 41984 167936 671744 2686976
DEAL:Newton::Residual: 32.2140
DEAL:Newton::Starting value 32.2140
DEAL:Newton::Initializing linear preconditioner... done.
DEAL:Newton::Solving linear system... 
DEAL:Newton:GMRES::Check 0	32.2140
DEAL:Newton:GMRES::Starting value 32.2140
DEAL:Newton:GMRES::Check 1	0.0634594
DEAL:Newton:GMRES::Check 2	0.00130400
DEAL:Newton:GMRES::Check 3	3.75522e-06
DEAL:Newton:GMRES::Check 4	1.57202e-07
DEAL:Newton:GMRES::Convergence step 5 value 8.57519e-10
DEAL:Newton::Residual: 4.05276e-08
DEAL:Newton::Convergence step 1 value 4.05276e-08


+---------------------------------------------+------------+------------+
| Total wallclock time elapsed since start    |  3.31e+03s |            |
|                                             |            |            |
| Section                         | no. calls |  wall time | % of total |
+---------------------------------+-----------+------------+------------+
| Dofs::setup()                   |         1 |     0.111s |         0% |
| GMG::init(...)                  |         1 |      4.33s |      0.13% |
| GMG::vmult(...)                 |         6 |   3.3e+03s |     1e+02% |
| MFO::reinit(...)                |         9 |     0.031s |         0% |
| MFO::vmult_+(...) @ level 0     |        60 |      5.63s |      0.17% |
| MFO::vmult_+(...) @ level 1     |       156 |      14.8s |      0.45% |
| MFO::vmult_+(...) @ level 2     |       348 |      35.5s |       1.1% |
| MFO::vmult_+(...) @ level 3     |       732 |      78.4s |       2.4% |
| MFO::vmult_+(...) @ level 4     |      1500 |       109s |       3.3% |
| MFO::vmult_+(...) @ level 5     |      3036 |       143s |       4.3% |
| MFO::vmult_+(...) @ level 6     |      6108 |       378s |        11% |
| MFO::vmult_+(...) @ level 7     |     12258 |  2.17e+03s |        65% |
| PSC::init(...) @ level          |         9 |      4.15s |      0.13% |
| PSC::vmult_+(...) @ level 0     |        12 |      4.83s |      0.15% |
| PSC::vmult_+(...) @ level 1     |        12 |      14.6s |      0.44% |
| PSC::vmult_+(...) @ level 2     |        12 |      36.7s |       1.1% |
| PSC::vmult_+(...) @ level 3     |        12 |      82.4s |       2.5% |
| PSC::vmult_+(...) @ level 4     |        12 |       119s |       3.6% |
| PSC::vmult_+(...) @ level 5     |        12 |       165s |         5% |
| PSC::vmult_+(...) @ level 6     |        12 |       444s |        13% |
| PSC::vmult_+(...) @ level 7     |        12 |  2.43e+03s |        73% |
| RHS::assemble()                 |         2 |     0.501s |         0% |
| Sim::...refine_global(...)      |         1 |    0.0623s |         0% |
| Sim::setup_system()             |         1 |     0.117s |         0% |
| Sim::solve()                    |         1 |  3.31e+03s |     1e+02% |
+---------------------------------+-----------+------------+------------+

DEAL::
DEAL::eps = 0.100000
DEAL::abs_rate = 1.00000e-05
DEAL::max_energy = 3000.00
DEAL::flux_guess = 100.000
DEAL::temp_guess = 500.000
DEAL::Nonlinear Simulator run starts.
DEAL::Refining triangulation... done.
DEAL::Geometric multigrid preconditioning.
DEAL::Setup system and storage... done.
DEAL::Finite element: FESystem<2>[FESystem<2>[FE_DGQ<2>(1)^4]^10-FESystem<2>[FE_DGQ<2>(1)]]
DEAL::Number of active cells: 16384
DEAL::DoFHandler levels:  164 656 2624 10496 41984 167936 671744 2686976
DEAL:Newton::Residual: 32.3170
DEAL:Newton::Starting value 32.3170
DEAL:Newton::Initializing linear preconditioner... done.
DEAL:Newton::Solving linear system... 
DEAL:Newton:GMRES::Check 0	32.3170
DEAL:Newton:GMRES::Starting value 32.3170
DEAL:Newton:GMRES::Check 1	0.440101
DEAL:Newton:GMRES::Check 2	0.0140560
DEAL:Newton:GMRES::Check 3	0.000122036
DEAL:Newton:GMRES::Check 4	3.44984e-06
DEAL:Newton:GMRES::Check 5	4.18243e-08
DEAL:Newton:GMRES::Convergence step 6 value 8.76155e-10
DEAL:Newton::Residual: 1.33825e-06
DEAL:Newton::Initializing linear preconditioner... done.
DEAL:Newton::Solving linear system... 
DEAL:Newton:GMRES::Check 0	1.33825e-06
DEAL:Newton:GMRES::Starting value 1.33825e-06
DEAL:Newton:GMRES::Check 1	1.50909e-07
DEAL:Newton:GMRES::Check 2	1.07212e-09
DEAL:Newton:GMRES::Check 3	9.51877e-12
DEAL:Newton:GMRES::Convergence step 3 value 9.51877e-12
DEAL:Newton::Residual: 3.07764e-07
DEAL:Newton::Convergence step 2 value 3.07764e-07


+---------------------------------------------+------------+------------+
| Total wallclock time elapsed since start    |  6.08e+03s |            |
|                                             |            |            |
| Section                         | no. calls |  wall time | % of total |
+---------------------------------+-----------+------------+------------+
| Dofs::setup()                   |         1 |     0.106s |         0% |
| GMG::init(...)                  |         2 |      8.52s |      0.14% |
| GMG::vmult(...)                 |        11 |  6.06e+03s |     1e+02% |
| MFO::reinit(...)                |        17 |     0.052s |         0% |
| MFO::vmult_+(...) @ level 0     |       110 |      10.4s |      0.17% |
| MFO::vmult_+(...) @ level 1     |       286 |      27.4s |      0.45% |
| MFO::vmult_+(...) @ level 2     |       638 |      62.7s |         1% |
| MFO::vmult_+(...) @ level 3     |      1342 |       130s |       2.1% |
| MFO::vmult_+(...) @ level 4     |      2750 |       192s |       3.2% |
| MFO::vmult_+(...) @ level 5     |      5566 |       176s |       2.9% |
| MFO::vmult_+(...) @ level 6     |     11198 |       680s |        11% |
| MFO::vmult_+(...) @ level 7     |     22473 |  4.11e+03s |        68% |
| PSC::init(...) @ level          |        18 |      8.19s |      0.13% |
| PSC::vmult_+(...) @ level 0     |        22 |      8.95s |      0.15% |
| PSC::vmult_+(...) @ level 1     |        22 |      27.2s |      0.45% |
| PSC::vmult_+(...) @ level 2     |        22 |        65s |       1.1% |
| PSC::vmult_+(...) @ level 3     |        22 |       137s |       2.3% |
| PSC::vmult_+(...) @ level 4     |        22 |       210s |       3.5% |
| PSC::vmult_+(...) @ level 5     |        22 |       217s |       3.6% |
| PSC::vmult_+(...) @ level 6     |        22 |       800s |        13% |
| PSC::vmult_+(...) @ level 7     |        22 |  4.58e+03s |        75% |
| RHS::assemble()                 |         3 |     0.866s |         0% |
| Sim::...refine_global(...)      |         1 |    0.0675s |         0% |
| Sim::setup_system()             |         1 |     0.112s |         0% |
| Sim::solve()                    |         2 |  6.08e+03s |     1e+02% |
+---------------------------------+-----------+------------+------------+

DEAL::
DEAL::eps = 0.0100000
DEAL::abs_rate = 1.00000e-05
DEAL::max_energy = 3000.00
DEAL::flux_guess = 100.000
DEAL::temp_guess = 500.000
DEAL::Nonlinear Simulator run starts.
DEAL::Refining triangulation... done.
DEAL::Geometric multigrid preconditioning.
DEAL::Setup system and storage... done.
DEAL::Finite element: FESystem<2>[FESystem<2>[FE_DGQ<2>(1)^4]^10-FESystem<2>[FE_DGQ<2>(1)]]
DEAL::Number of active cells: 16384
DEAL::DoFHandler levels:  164 656 2624 10496 41984 167936 671744 2686976
DEAL:Newton::Residual: 32.3357
DEAL:Newton::Starting value 32.3357
DEAL:Newton::Initializing linear preconditioner... done.
DEAL:Newton::Solving linear system... 
DEAL:Newton:GMRES::Check 0	32.3357
DEAL:Newton:GMRES::Starting value 32.3357
DEAL:Newton:GMRES::Check 1	0.828202
DEAL:Newton:GMRES::Check 2	0.0371738
DEAL:Newton:GMRES::Check 3	0.000789270
DEAL:Newton:GMRES::Check 4	2.42043e-05
DEAL:Newton:GMRES::Check 5	6.89952e-07
DEAL:Newton:GMRES::Check 6	2.02602e-08
DEAL:Newton:GMRES::Convergence step 7 value 6.57762e-10
DEAL:Newton::Residual: 1.45631e-05
DEAL:Newton::Initializing linear preconditioner... done.
DEAL:Newton::Solving linear system... 
DEAL:Newton:GMRES::Check 0	1.45631e-05
DEAL:Newton:GMRES::Starting value 1.45631e-05
DEAL:Newton:GMRES::Check 1	1.64635e-06
DEAL:Newton:GMRES::Check 2	6.28653e-10
DEAL:Newton:GMRES::Check 3	2.25007e-12
DEAL:Newton:GMRES::Convergence step 3 value 2.25007e-12
DEAL:Newton::Residual: 3.74559e-06
DEAL:Newton::Initializing linear preconditioner... done.
DEAL:Newton::Solving linear system... 
DEAL:Newton:GMRES::Check 0	3.74559e-06
DEAL:Newton:GMRES::Starting value 3.74559e-06
DEAL:Newton:GMRES::Check 1	4.37089e-07
DEAL:Newton:GMRES::Check 2	2.36614e-10
DEAL:Newton:GMRES::Check 3	1.05660e-11
DEAL:Newton:GMRES::Convergence step 3 value 1.05660e-11
DEAL:Newton::Residual: 8.12671e-07
DEAL:Newton::Initializing linear preconditioner... done.
DEAL:Newton::Solving linear system... 
DEAL:Newton:GMRES::Check 0	8.12671e-07
DEAL:Newton:GMRES::Starting value 8.12671e-07
DEAL:Newton:GMRES::Check 1	7.95491e-08
DEAL:Newton:GMRES::Check 2	7.38528e-11
DEAL:Newton:GMRES::Convergence step 2 value 7.38528e-11
DEAL:Newton::Residual: 1.52323e-07
DEAL:Newton::Convergence step 4 value 1.52323e-07


+---------------------------------------------+------------+------------+
| Total wallclock time elapsed since start    |  1.03e+04s |            |
|                                             |            |            |
| Section                         | no. calls |  wall time | % of total |
+---------------------------------+-----------+------------+------------+
| Dofs::setup()                   |         1 |     0.107s |         0% |
| GMG::init(...)                  |         4 |        17s |      0.17% |
| GMG::vmult(...)                 |        19 |  1.03e+04s |     1e+02% |
| MFO::reinit(...)                |        33 |       0.1s |         0% |
| MFO::vmult_+(...) @ level 0     |       190 |      17.9s |      0.17% |
| MFO::vmult_+(...) @ level 1     |       494 |      46.8s |      0.46% |
| MFO::vmult_+(...) @ level 2     |      1102 |       105s |         1% |
| MFO::vmult_+(...) @ level 3     |      2318 |       247s |       2.4% |
| MFO::vmult_+(...) @ level 4     |      4750 |       315s |       3.1% |
| MFO::vmult_+(...) @ level 5     |      9614 |       283s |       2.8% |
| MFO::vmult_+(...) @ level 6     |     19342 |  1.14e+03s |        11% |
| MFO::vmult_+(...) @ level 7     |     38817 |  6.93e+03s |        67% |
| PSC::init(...) @ level          |        36 |      16.3s |      0.16% |
| PSC::vmult_+(...) @ level 0     |        38 |      15.3s |      0.15% |
| PSC::vmult_+(...) @ level 1     |        38 |      46.4s |      0.45% |
| PSC::vmult_+(...) @ level 2     |        38 |       109s |       1.1% |
| PSC::vmult_+(...) @ level 3     |        38 |       260s |       2.5% |
| PSC::vmult_+(...) @ level 4     |        38 |       348s |       3.4% |
| PSC::vmult_+(...) @ level 5     |        38 |       354s |       3.4% |
| PSC::vmult_+(...) @ level 6     |        38 |  1.35e+03s |        13% |
| PSC::vmult_+(...) @ level 7     |        38 |  7.75e+03s |        75% |
| RHS::assemble()                 |         5 |      1.36s |         0% |
| Sim::...refine_global(...)      |         1 |    0.0661s |         0% |
| Sim::setup_system()             |         1 |     0.113s |         0% |
| Sim::solve()                    |         4 |  1.03e+04s |     1e+02% |
+---------------------------------+-----------+------------+------------+

DEAL::eps = 0.00100000
DEAL::abs_rate = 1.00000e-05
DEAL::max_energy = 3000.00
DEAL::flux_guess = 100.000
DEAL::temp_guess = 500.000
DEAL::Nonlinear Simulator run starts.
DEAL::Refining triangulation... done.
DEAL::Geometric multigrid preconditioning.
DEAL::Setup system and storage... done.
DEAL::Finite element: FESystem<2>[FESystem<2>[FE_DGQ<2>(1)^4]^10-FESystem<2>[FE_DGQ<2>(1)]]
DEAL::Number of active cells: 16384
DEAL::DoFHandler levels:  164 656 2624 10496 41984 167936 671744 2686976
DEAL:Newton::Residual: 32.3376
DEAL:Newton::Starting value 32.3376
DEAL:Newton::Initializing linear preconditioner... done.
DEAL:Newton::Solving linear system... 
DEAL:Newton:GMRES::Check 0	32.3376
DEAL:Newton:GMRES::Starting value 32.3376
DEAL:Newton:GMRES::Check 1	0.757026
DEAL:Newton:GMRES::Check 2	0.0442729
DEAL:Newton:GMRES::Check 3	0.00260637
DEAL:Newton:GMRES::Check 4	0.000184724
DEAL:Newton:GMRES::Check 5	9.78301e-06
DEAL:Newton:GMRES::Check 6	7.74287e-07
DEAL:Newton:GMRES::Check 7	3.81796e-08
DEAL:Newton:GMRES::Convergence step 8 value 2.59970e-09
DEAL:Newton::Residual: 0.000146772
DEAL:Newton::Initializing linear preconditioner... done.
DEAL:Newton::Solving linear system... 
DEAL:Newton:GMRES::Check 0	0.000146772
DEAL:Newton:GMRES::Starting value 0.000146772
DEAL:Newton:GMRES::Check 1	1.65911e-05
DEAL:Newton:GMRES::Check 2	1.85535e-09
DEAL:Newton:GMRES::Check 3	8.59928e-11
DEAL:Newton:GMRES::Convergence step 3 value 8.59928e-11
DEAL:Newton::Residual: 3.81565e-05
DEAL:Newton::Initializing linear preconditioner... done.
DEAL:Newton::Solving linear system... 
DEAL:Newton:GMRES::Check 0	3.81565e-05
DEAL:Newton:GMRES::Starting value 3.81565e-05
DEAL:Newton:GMRES::Check 1	4.44316e-06
DEAL:Newton:GMRES::Check 2	5.23660e-10
DEAL:Newton:GMRES::Check 3	2.39475e-11
DEAL:Newton:GMRES::Convergence step 3 value 2.39475e-11
DEAL:Newton::Residual: 8.52637e-06
DEAL:Newton::Initializing linear preconditioner... done.
DEAL:Newton::Solving linear system... 
DEAL:Newton:GMRES::Check 0	8.52637e-06
DEAL:Newton:GMRES::Starting value 8.52637e-06
DEAL:Newton:GMRES::Check 1	8.25419e-07
DEAL:Newton:GMRES::Check 2	1.81390e-10
DEAL:Newton:GMRES::Check 3	1.01376e-11
DEAL:Newton:GMRES::Convergence step 3 value 1.01376e-11
DEAL:Newton::Residual: 1.73346e-06
DEAL:Newton::Initializing linear preconditioner... done.
DEAL:Newton::Solving linear system... 
DEAL:Newton:GMRES::Check 0	1.73346e-06
DEAL:Newton:GMRES::Starting value 1.73346e-06
DEAL:Newton:GMRES::Check 1	1.26603e-07
DEAL:Newton:GMRES::Check 2	7.57907e-11
DEAL:Newton:GMRES::Convergence step 2 value 7.57907e-11
DEAL:Newton::Residual: 3.37656e-07
DEAL:Newton::Initializing linear preconditioner... done.
DEAL:Newton::Solving linear system... 
DEAL:Newton:GMRES::Check 0	3.37656e-07
DEAL:Newton:GMRES::Starting value 3.37656e-07
DEAL:Newton:GMRES::Check 1	1.97507e-08
DEAL:Newton:GMRES::Check 2	3.42297e-11
DEAL:Newton:GMRES::Convergence step 2 value 3.42297e-11
DEAL:Newton::Residual: 5.95799e-08
DEAL:Newton::Convergence step 6 value 5.95799e-08


+---------------------------------------------+------------+------------+
| Total wallclock time elapsed since start    |  1.47e+04s |            |
|                                             |            |            |
| Section                         | no. calls |  wall time | % of total |
+---------------------------------+-----------+------------+------------+
| Dofs::setup()                   |         1 |    0.0956s |         0% |
| GMG::init(...)                  |         6 |      25.8s |      0.18% |
| GMG::vmult(...)                 |        27 |  1.46e+04s |     1e+02% |
| MFO::reinit(...)                |        49 |     0.149s |         0% |
| MFO::vmult_+(...) @ level 0     |       270 |      25.4s |      0.17% |
| MFO::vmult_+(...) @ level 1     |       702 |      66.6s |      0.45% |
| MFO::vmult_+(...) @ level 2     |      1566 |       149s |         1% |
| MFO::vmult_+(...) @ level 3     |      3294 |       329s |       2.2% |
| MFO::vmult_+(...) @ level 4     |      6750 |       433s |         3% |
| MFO::vmult_+(...) @ level 5     |     13662 |       527s |       3.6% |
| MFO::vmult_+(...) @ level 6     |     27486 |  1.66e+03s |        11% |
| MFO::vmult_+(...) @ level 7     |     55161 |  9.77e+03s |        67% |
| PSC::init(...) @ level          |        54 |      24.8s |      0.17% |
| PSC::vmult_+(...) @ level 0     |        54 |      21.8s |      0.15% |
| PSC::vmult_+(...) @ level 1     |        54 |      66.1s |      0.45% |
| PSC::vmult_+(...) @ level 2     |        54 |       155s |       1.1% |
| PSC::vmult_+(...) @ level 3     |        54 |       348s |       2.4% |
| PSC::vmult_+(...) @ level 4     |        54 |       480s |       3.3% |
| PSC::vmult_+(...) @ level 5     |        54 |       629s |       4.3% |
| PSC::vmult_+(...) @ level 6     |        54 |  1.96e+03s |        13% |
| PSC::vmult_+(...) @ level 7     |        54 |  1.09e+04s |        75% |
| RHS::assemble()                 |         7 |      1.93s |         0% |
| Sim::...refine_global(...)      |         1 |    0.0644s |         0% |
| Sim::setup_system()             |         1 |     0.101s |         0% |
| Sim::solve()                    |         6 |  1.47e+04s |     1e+02% |
+---------------------------------+-----------+------------+------------+
