The system is: Linux - 3.16.0-4-amd64 - x86_64
Compiling the C compiler identification source file "CMakeCCompilerId.c" succeeded.
Compiler: /usr/bin/cc 
Build flags: 
Id flags: 

The output was:
0


Compilation of the C compiler identification source "CMakeCCompilerId.c" produced "a.out"

The C compiler identification is GNU, found in "/home/hd/hd_hd/hd_ly428/workspace/lte/multigroup/unit/build/CMakeFiles/3.5.2/CompilerIdC/a.out"

Compiling the CXX compiler identification source file "CMakeCXXCompilerId.cpp" succeeded.
Compiler: /opt/easybuild/software/Core/GCCcore/5.4.0/bin/c++ 
Build flags: 
Id flags: 

The output was:
0


Compilation of the CXX compiler identification source "CMakeCXXCompilerId.cpp" produced "a.out"

The CXX compiler identification is GNU, found in "/home/hd/hd_hd/hd_ly428/workspace/lte/multigroup/unit/build/CMakeFiles/3.5.2/CompilerIdCXX/a.out"

Determining if the C compiler works passed with the following output:
Change Dir: /home/hd/hd_hd/hd_ly428/workspace/lte/multigroup/unit/build/CMakeFiles/CMakeTmp

Run Build Command:"/usr/bin/make" "cmTC_1a794/fast"
/usr/bin/make -f CMakeFiles/cmTC_1a794.dir/build.make CMakeFiles/cmTC_1a794.dir/build
make[1]: Entering directory '/export/homebwfor/hd/hd_hd/hd_ly428/workspace/lte/multigroup/unit/build/CMakeFiles/CMakeTmp'
Building C object CMakeFiles/cmTC_1a794.dir/testCCompiler.c.o
/usr/bin/cc     -o CMakeFiles/cmTC_1a794.dir/testCCompiler.c.o   -c /home/hd/hd_hd/hd_ly428/workspace/lte/multigroup/unit/build/CMakeFiles/CMakeTmp/testCCompiler.c
Linking C executable cmTC_1a794
/opt/easybuild/software/MPI/GCC/5.4.0-2.26/OpenMPI/1.10.3/CMake/3.5.2/bin/cmake -E cmake_link_script CMakeFiles/cmTC_1a794.dir/link.txt --verbose=1
/usr/bin/cc       CMakeFiles/cmTC_1a794.dir/testCCompiler.c.o  -o cmTC_1a794 -rdynamic 
make[1]: Leaving directory '/export/homebwfor/hd/hd_hd/hd_ly428/workspace/lte/multigroup/unit/build/CMakeFiles/CMakeTmp'


Detecting C compiler ABI info compiled with the following output:
Change Dir: /home/hd/hd_hd/hd_ly428/workspace/lte/multigroup/unit/build/CMakeFiles/CMakeTmp

Run Build Command:"/usr/bin/make" "cmTC_dea38/fast"
/usr/bin/make -f CMakeFiles/cmTC_dea38.dir/build.make CMakeFiles/cmTC_dea38.dir/build
make[1]: Entering directory '/export/homebwfor/hd/hd_hd/hd_ly428/workspace/lte/multigroup/unit/build/CMakeFiles/CMakeTmp'
Building C object CMakeFiles/cmTC_dea38.dir/CMakeCCompilerABI.c.o
/usr/bin/cc     -o CMakeFiles/cmTC_dea38.dir/CMakeCCompilerABI.c.o   -c /opt/easybuild/software/MPI/GCC/5.4.0-2.26/OpenMPI/1.10.3/CMake/3.5.2/share/cmake-3.5/Modules/CMakeCCompilerABI.c
Linking C executable cmTC_dea38
/opt/easybuild/software/MPI/GCC/5.4.0-2.26/OpenMPI/1.10.3/CMake/3.5.2/bin/cmake -E cmake_link_script CMakeFiles/cmTC_dea38.dir/link.txt --verbose=1
/usr/bin/cc      -v CMakeFiles/cmTC_dea38.dir/CMakeCCompilerABI.c.o  -o cmTC_dea38 -rdynamic  
Using built-in specs.
COLLECT_GCC=/usr/bin/cc
COLLECT_LTO_WRAPPER=/usr/lib/gcc/x86_64-linux-gnu/4.9/lto-wrapper
Target: x86_64-linux-gnu
Configured with: ../src/configure -v --with-pkgversion='Debian 4.9.2-10' --with-bugurl=file:///usr/share/doc/gcc-4.9/README.Bugs --enable-languages=c,c++,java,go,d,fortran,objc,obj-c++ --prefix=/usr --program-suffix=-4.9 --enable-shared --enable-linker-build-id --libexecdir=/usr/lib --without-included-gettext --enable-threads=posix --with-gxx-include-dir=/usr/include/c++/4.9 --libdir=/usr/lib --enable-nls --with-sysroot=/ --enable-clocale=gnu --enable-libstdcxx-debug --enable-libstdcxx-time=yes --enable-gnu-unique-object --disable-vtable-verify --enable-plugin --with-system-zlib --disable-browser-plugin --enable-java-awt=gtk --enable-gtk-cairo --with-java-home=/usr/lib/jvm/java-1.5.0-gcj-4.9-amd64/jre --enable-java-home --with-jvm-root-dir=/usr/lib/jvm/java-1.5.0-gcj-4.9-amd64 --with-jvm-jar-dir=/usr/lib/jvm-exports/java-1.5.0-gcj-4.9-amd64 --with-arch-directory=amd64 --with-ecj-jar=/usr/share/java/eclipse-ecj.jar --enable-objc-gc --enable-multiarch --with-arch-32=i586 --with-abi=m64 --with-multilib-list=m32,m64,mx32 --enable-multilib --with-tune=generic --enable-checking=release --build=x86_64-linux-gnu --host=x86_64-linux-gnu --target=x86_64-linux-gnu
Thread model: posix
gcc version 4.9.2 (Debian 4.9.2-10) 
COMPILER_PATH=/usr/lib/gcc/x86_64-linux-gnu/4.9/:/usr/lib/gcc/x86_64-linux-gnu/4.9/:/usr/lib/gcc/x86_64-linux-gnu/:/usr/lib/gcc/x86_64-linux-gnu/4.9/:/usr/lib/gcc/x86_64-linux-gnu/
LIBRARY_PATH=/opt/easybuild/software/Compiler/GCCcore/5.4.0/ncurses/6.0/lib/../lib/:/opt/easybuild/software/MPI/GCC/5.4.0-2.26/OpenMPI/1.10.3/ScaLAPACK/2.0.2-OpenBLAS-0.2.18-LAPACK-3.6.1/lib/../lib/:/opt/easybuild/software/Compiler/GCC/5.4.0-2.26/OpenBLAS/0.2.18-LAPACK-3.6.1/lib/../lib/:/opt/easybuild/software/Compiler/GCCcore/5.4.0/binutils/2.26/lib/../lib/:/opt/easybuild/software/Core/GCCcore/5.4.0/lib64/../lib/:/opt/easybuild/software/Core/GCCcore/5.4.0/lib/../lib/:/opt/easybuild/software/MPI/GCC/5.4.0-2.26/OpenMPI/1.10.3/FFTW/3.3.4/lib/../lib/:/opt/easybuild/software/Compiler/GCC/5.4.0-2.26/OpenMPI/1.10.3/lib/../lib/:/opt/easybuild/software/Compiler/GCC/5.4.0-2.26/hwloc/1.11.3/lib/../lib/:/opt/easybuild/software/Compiler/GCC/5.4.0-2.26/numactl/2.0.11/lib/../lib/:/usr/lib/gcc/x86_64-linux-gnu/4.9/:/usr/lib/gcc/x86_64-linux-gnu/4.9/../../../x86_64-linux-gnu/:/usr/lib/gcc/x86_64-linux-gnu/4.9/../../../../lib/:/lib/x86_64-linux-gnu/:/lib/../lib/:/usr/lib/x86_64-linux-gnu/:/usr/lib/../lib/:/opt/easybuild/software/Compiler/GCCcore/5.4.0/ncurses/6.0/lib/:/opt/easybuild/software/MPI/GCC/5.4.0-2.26/OpenMPI/1.10.3/ScaLAPACK/2.0.2-OpenBLAS-0.2.18-LAPACK-3.6.1/lib/:/opt/easybuild/software/Compiler/GCC/5.4.0-2.26/OpenBLAS/0.2.18-LAPACK-3.6.1/lib/:/opt/easybuild/software/Compiler/GCCcore/5.4.0/binutils/2.26/lib/:/opt/easybuild/software/Core/GCCcore/5.4.0/lib64/:/opt/easybuild/software/Core/GCCcore/5.4.0/lib/:/opt/easybuild/software/MPI/GCC/5.4.0-2.26/OpenMPI/1.10.3/FFTW/3.3.4/lib/:/opt/easybuild/software/Compiler/GCC/5.4.0-2.26/OpenMPI/1.10.3/lib/:/opt/easybuild/software/Compiler/GCC/5.4.0-2.26/hwloc/1.11.3/lib/:/opt/easybuild/software/Compiler/GCC/5.4.0-2.26/numactl/2.0.11/lib/:/usr/lib/gcc/x86_64-linux-gnu/4.9/../../../:/lib/:/usr/lib/
COLLECT_GCC_OPTIONS='-v' '-o' 'cmTC_dea38' '-rdynamic' '-mtune=generic' '-march=x86-64'
 /usr/lib/gcc/x86_64-linux-gnu/4.9/collect2 -plugin /usr/lib/gcc/x86_64-linux-gnu/4.9/liblto_plugin.so -plugin-opt=/usr/lib/gcc/x86_64-linux-gnu/4.9/lto-wrapper -plugin-opt=-fresolution=/tmp/cceoFi7f.res -plugin-opt=-pass-through=-lgcc -plugin-opt=-pass-through=-lgcc_s -plugin-opt=-pass-through=-lc -plugin-opt=-pass-through=-lgcc -plugin-opt=-pass-through=-lgcc_s --sysroot=/ --build-id --eh-frame-hdr -m elf_x86_64 --hash-style=gnu -export-dynamic -dynamic-linker /lib64/ld-linux-x86-64.so.2 -o cmTC_dea38 /usr/lib/gcc/x86_64-linux-gnu/4.9/../../../x86_64-linux-gnu/crt1.o /usr/lib/gcc/x86_64-linux-gnu/4.9/../../../x86_64-linux-gnu/crti.o /usr/lib/gcc/x86_64-linux-gnu/4.9/crtbegin.o -L/opt/easybuild/software/Compiler/GCCcore/5.4.0/ncurses/6.0/lib/../lib -L/opt/easybuild/software/MPI/GCC/5.4.0-2.26/OpenMPI/1.10.3/ScaLAPACK/2.0.2-OpenBLAS-0.2.18-LAPACK-3.6.1/lib/../lib -L/opt/easybuild/software/Compiler/GCC/5.4.0-2.26/OpenBLAS/0.2.18-LAPACK-3.6.1/lib/../lib -L/opt/easybuild/software/Compiler/GCCcore/5.4.0/binutils/2.26/lib/../lib -L/opt/easybuild/software/Core/GCCcore/5.4.0/lib64/../lib -L/opt/easybuild/software/Core/GCCcore/5.4.0/lib/../lib -L/opt/easybuild/software/MPI/GCC/5.4.0-2.26/OpenMPI/1.10.3/FFTW/3.3.4/lib/../lib -L/opt/easybuild/software/Compiler/GCC/5.4.0-2.26/OpenMPI/1.10.3/lib/../lib -L/opt/easybuild/software/Compiler/GCC/5.4.0-2.26/hwloc/1.11.3/lib/../lib -L/opt/easybuild/software/Compiler/GCC/5.4.0-2.26/numactl/2.0.11/lib/../lib -L/usr/lib/gcc/x86_64-linux-gnu/4.9 -L/usr/lib/gcc/x86_64-linux-gnu/4.9/../../../x86_64-linux-gnu -L/usr/lib/gcc/x86_64-linux-gnu/4.9/../../../../lib -L/lib/x86_64-linux-gnu -L/lib/../lib -L/usr/lib/x86_64-linux-gnu -L/usr/lib/../lib -L/opt/easybuild/software/Compiler/GCCcore/5.4.0/ncurses/6.0/lib -L/opt/easybuild/software/MPI/GCC/5.4.0-2.26/OpenMPI/1.10.3/ScaLAPACK/2.0.2-OpenBLAS-0.2.18-LAPACK-3.6.1/lib -L/opt/easybuild/software/Compiler/GCC/5.4.0-2.26/OpenBLAS/0.2.18-LAPACK-3.6.1/lib -L/opt/easybuild/software/Compiler/GCCcore/5.4.0/binutils/2.26/lib -L/opt/easybuild/software/Core/GCCcore/5.4.0/lib64 -L/opt/easybuild/software/Core/GCCcore/5.4.0/lib -L/opt/easybuild/software/MPI/GCC/5.4.0-2.26/OpenMPI/1.10.3/FFTW/3.3.4/lib -L/opt/easybuild/software/Compiler/GCC/5.4.0-2.26/OpenMPI/1.10.3/lib -L/opt/easybuild/software/Compiler/GCC/5.4.0-2.26/hwloc/1.11.3/lib -L/opt/easybuild/software/Compiler/GCC/5.4.0-2.26/numactl/2.0.11/lib -L/usr/lib/gcc/x86_64-linux-gnu/4.9/../../.. CMakeFiles/cmTC_dea38.dir/CMakeCCompilerABI.c.o -lgcc --as-needed -lgcc_s --no-as-needed -lc -lgcc --as-needed -lgcc_s --no-as-needed /usr/lib/gcc/x86_64-linux-gnu/4.9/crtend.o /usr/lib/gcc/x86_64-linux-gnu/4.9/../../../x86_64-linux-gnu/crtn.o
make[1]: Leaving directory '/export/homebwfor/hd/hd_hd/hd_ly428/workspace/lte/multigroup/unit/build/CMakeFiles/CMakeTmp'


Parsed C implicit link information from above output:
  link line regex: [^( *|.*[/\])(ld|([^/\]+-)?ld|collect2)[^/\]*( |$)]
  ignore line: [Change Dir: /home/hd/hd_hd/hd_ly428/workspace/lte/multigroup/unit/build/CMakeFiles/CMakeTmp]
  ignore line: []
  ignore line: [Run Build Command:"/usr/bin/make" "cmTC_dea38/fast"]
  ignore line: [/usr/bin/make -f CMakeFiles/cmTC_dea38.dir/build.make CMakeFiles/cmTC_dea38.dir/build]
  ignore line: [make[1]: Entering directory '/export/homebwfor/hd/hd_hd/hd_ly428/workspace/lte/multigroup/unit/build/CMakeFiles/CMakeTmp']
  ignore line: [Building C object CMakeFiles/cmTC_dea38.dir/CMakeCCompilerABI.c.o]
  ignore line: [/usr/bin/cc     -o CMakeFiles/cmTC_dea38.dir/CMakeCCompilerABI.c.o   -c /opt/easybuild/software/MPI/GCC/5.4.0-2.26/OpenMPI/1.10.3/CMake/3.5.2/share/cmake-3.5/Modules/CMakeCCompilerABI.c]
  ignore line: [Linking C executable cmTC_dea38]
  ignore line: [/opt/easybuild/software/MPI/GCC/5.4.0-2.26/OpenMPI/1.10.3/CMake/3.5.2/bin/cmake -E cmake_link_script CMakeFiles/cmTC_dea38.dir/link.txt --verbose=1]
  ignore line: [/usr/bin/cc      -v CMakeFiles/cmTC_dea38.dir/CMakeCCompilerABI.c.o  -o cmTC_dea38 -rdynamic  ]
  ignore line: [Using built-in specs.]
  ignore line: [COLLECT_GCC=/usr/bin/cc]
  ignore line: [COLLECT_LTO_WRAPPER=/usr/lib/gcc/x86_64-linux-gnu/4.9/lto-wrapper]
  ignore line: [Target: x86_64-linux-gnu]
  ignore line: [Configured with: ../src/configure -v --with-pkgversion='Debian 4.9.2-10' --with-bugurl=file:///usr/share/doc/gcc-4.9/README.Bugs --enable-languages=c,c++,java,go,d,fortran,objc,obj-c++ --prefix=/usr --program-suffix=-4.9 --enable-shared --enable-linker-build-id --libexecdir=/usr/lib --without-included-gettext --enable-threads=posix --with-gxx-include-dir=/usr/include/c++/4.9 --libdir=/usr/lib --enable-nls --with-sysroot=/ --enable-clocale=gnu --enable-libstdcxx-debug --enable-libstdcxx-time=yes --enable-gnu-unique-object --disable-vtable-verify --enable-plugin --with-system-zlib --disable-browser-plugin --enable-java-awt=gtk --enable-gtk-cairo --with-java-home=/usr/lib/jvm/java-1.5.0-gcj-4.9-amd64/jre --enable-java-home --with-jvm-root-dir=/usr/lib/jvm/java-1.5.0-gcj-4.9-amd64 --with-jvm-jar-dir=/usr/lib/jvm-exports/java-1.5.0-gcj-4.9-amd64 --with-arch-directory=amd64 --with-ecj-jar=/usr/share/java/eclipse-ecj.jar --enable-objc-gc --enable-multiarch --with-arch-32=i586 --with-abi=m64 --with-multilib-list=m32,m64,mx32 --enable-multilib --with-tune=generic --enable-checking=release --build=x86_64-linux-gnu --host=x86_64-linux-gnu --target=x86_64-linux-gnu]
  ignore line: [Thread model: posix]
  ignore line: [gcc version 4.9.2 (Debian 4.9.2-10) ]
  ignore line: [COMPILER_PATH=/usr/lib/gcc/x86_64-linux-gnu/4.9/:/usr/lib/gcc/x86_64-linux-gnu/4.9/:/usr/lib/gcc/x86_64-linux-gnu/:/usr/lib/gcc/x86_64-linux-gnu/4.9/:/usr/lib/gcc/x86_64-linux-gnu/]
  ignore line: [LIBRARY_PATH=/opt/easybuild/software/Compiler/GCCcore/5.4.0/ncurses/6.0/lib/../lib/:/opt/easybuild/software/MPI/GCC/5.4.0-2.26/OpenMPI/1.10.3/ScaLAPACK/2.0.2-OpenBLAS-0.2.18-LAPACK-3.6.1/lib/../lib/:/opt/easybuild/software/Compiler/GCC/5.4.0-2.26/OpenBLAS/0.2.18-LAPACK-3.6.1/lib/../lib/:/opt/easybuild/software/Compiler/GCCcore/5.4.0/binutils/2.26/lib/../lib/:/opt/easybuild/software/Core/GCCcore/5.4.0/lib64/../lib/:/opt/easybuild/software/Core/GCCcore/5.4.0/lib/../lib/:/opt/easybuild/software/MPI/GCC/5.4.0-2.26/OpenMPI/1.10.3/FFTW/3.3.4/lib/../lib/:/opt/easybuild/software/Compiler/GCC/5.4.0-2.26/OpenMPI/1.10.3/lib/../lib/:/opt/easybuild/software/Compiler/GCC/5.4.0-2.26/hwloc/1.11.3/lib/../lib/:/opt/easybuild/software/Compiler/GCC/5.4.0-2.26/numactl/2.0.11/lib/../lib/:/usr/lib/gcc/x86_64-linux-gnu/4.9/:/usr/lib/gcc/x86_64-linux-gnu/4.9/../../../x86_64-linux-gnu/:/usr/lib/gcc/x86_64-linux-gnu/4.9/../../../../lib/:/lib/x86_64-linux-gnu/:/lib/../lib/:/usr/lib/x86_64-linux-gnu/:/usr/lib/../lib/:/opt/easybuild/software/Compiler/GCCcore/5.4.0/ncurses/6.0/lib/:/opt/easybuild/software/MPI/GCC/5.4.0-2.26/OpenMPI/1.10.3/ScaLAPACK/2.0.2-OpenBLAS-0.2.18-LAPACK-3.6.1/lib/:/opt/easybuild/software/Compiler/GCC/5.4.0-2.26/OpenBLAS/0.2.18-LAPACK-3.6.1/lib/:/opt/easybuild/software/Compiler/GCCcore/5.4.0/binutils/2.26/lib/:/opt/easybuild/software/Core/GCCcore/5.4.0/lib64/:/opt/easybuild/software/Core/GCCcore/5.4.0/lib/:/opt/easybuild/software/MPI/GCC/5.4.0-2.26/OpenMPI/1.10.3/FFTW/3.3.4/lib/:/opt/easybuild/software/Compiler/GCC/5.4.0-2.26/OpenMPI/1.10.3/lib/:/opt/easybuild/software/Compiler/GCC/5.4.0-2.26/hwloc/1.11.3/lib/:/opt/easybuild/software/Compiler/GCC/5.4.0-2.26/numactl/2.0.11/lib/:/usr/lib/gcc/x86_64-linux-gnu/4.9/../../../:/lib/:/usr/lib/]
  ignore line: [COLLECT_GCC_OPTIONS='-v' '-o' 'cmTC_dea38' '-rdynamic' '-mtune=generic' '-march=x86-64']
  link line: [ /usr/lib/gcc/x86_64-linux-gnu/4.9/collect2 -plugin /usr/lib/gcc/x86_64-linux-gnu/4.9/liblto_plugin.so -plugin-opt=/usr/lib/gcc/x86_64-linux-gnu/4.9/lto-wrapper -plugin-opt=-fresolution=/tmp/cceoFi7f.res -plugin-opt=-pass-through=-lgcc -plugin-opt=-pass-through=-lgcc_s -plugin-opt=-pass-through=-lc -plugin-opt=-pass-through=-lgcc -plugin-opt=-pass-through=-lgcc_s --sysroot=/ --build-id --eh-frame-hdr -m elf_x86_64 --hash-style=gnu -export-dynamic -dynamic-linker /lib64/ld-linux-x86-64.so.2 -o cmTC_dea38 /usr/lib/gcc/x86_64-linux-gnu/4.9/../../../x86_64-linux-gnu/crt1.o /usr/lib/gcc/x86_64-linux-gnu/4.9/../../../x86_64-linux-gnu/crti.o /usr/lib/gcc/x86_64-linux-gnu/4.9/crtbegin.o -L/opt/easybuild/software/Compiler/GCCcore/5.4.0/ncurses/6.0/lib/../lib -L/opt/easybuild/software/MPI/GCC/5.4.0-2.26/OpenMPI/1.10.3/ScaLAPACK/2.0.2-OpenBLAS-0.2.18-LAPACK-3.6.1/lib/../lib -L/opt/easybuild/software/Compiler/GCC/5.4.0-2.26/OpenBLAS/0.2.18-LAPACK-3.6.1/lib/../lib -L/opt/easybuild/software/Compiler/GCCcore/5.4.0/binutils/2.26/lib/../lib -L/opt/easybuild/software/Core/GCCcore/5.4.0/lib64/../lib -L/opt/easybuild/software/Core/GCCcore/5.4.0/lib/../lib -L/opt/easybuild/software/MPI/GCC/5.4.0-2.26/OpenMPI/1.10.3/FFTW/3.3.4/lib/../lib -L/opt/easybuild/software/Compiler/GCC/5.4.0-2.26/OpenMPI/1.10.3/lib/../lib -L/opt/easybuild/software/Compiler/GCC/5.4.0-2.26/hwloc/1.11.3/lib/../lib -L/opt/easybuild/software/Compiler/GCC/5.4.0-2.26/numactl/2.0.11/lib/../lib -L/usr/lib/gcc/x86_64-linux-gnu/4.9 -L/usr/lib/gcc/x86_64-linux-gnu/4.9/../../../x86_64-linux-gnu -L/usr/lib/gcc/x86_64-linux-gnu/4.9/../../../../lib -L/lib/x86_64-linux-gnu -L/lib/../lib -L/usr/lib/x86_64-linux-gnu -L/usr/lib/../lib -L/opt/easybuild/software/Compiler/GCCcore/5.4.0/ncurses/6.0/lib -L/opt/easybuild/software/MPI/GCC/5.4.0-2.26/OpenMPI/1.10.3/ScaLAPACK/2.0.2-OpenBLAS-0.2.18-LAPACK-3.6.1/lib -L/opt/easybuild/software/Compiler/GCC/5.4.0-2.26/OpenBLAS/0.2.18-LAPACK-3.6.1/lib -L/opt/easybuild/software/Compiler/GCCcore/5.4.0/binutils/2.26/lib -L/opt/easybuild/software/Core/GCCcore/5.4.0/lib64 -L/opt/easybuild/software/Core/GCCcore/5.4.0/lib -L/opt/easybuild/software/MPI/GCC/5.4.0-2.26/OpenMPI/1.10.3/FFTW/3.3.4/lib -L/opt/easybuild/software/Compiler/GCC/5.4.0-2.26/OpenMPI/1.10.3/lib -L/opt/easybuild/software/Compiler/GCC/5.4.0-2.26/hwloc/1.11.3/lib -L/opt/easybuild/software/Compiler/GCC/5.4.0-2.26/numactl/2.0.11/lib -L/usr/lib/gcc/x86_64-linux-gnu/4.9/../../.. CMakeFiles/cmTC_dea38.dir/CMakeCCompilerABI.c.o -lgcc --as-needed -lgcc_s --no-as-needed -lc -lgcc --as-needed -lgcc_s --no-as-needed /usr/lib/gcc/x86_64-linux-gnu/4.9/crtend.o /usr/lib/gcc/x86_64-linux-gnu/4.9/../../../x86_64-linux-gnu/crtn.o]
    arg [/usr/lib/gcc/x86_64-linux-gnu/4.9/collect2] ==> ignore
    arg [-plugin] ==> ignore
    arg [/usr/lib/gcc/x86_64-linux-gnu/4.9/liblto_plugin.so] ==> ignore
    arg [-plugin-opt=/usr/lib/gcc/x86_64-linux-gnu/4.9/lto-wrapper] ==> ignore
    arg [-plugin-opt=-fresolution=/tmp/cceoFi7f.res] ==> ignore
    arg [-plugin-opt=-pass-through=-lgcc] ==> ignore
    arg [-plugin-opt=-pass-through=-lgcc_s] ==> ignore
    arg [-plugin-opt=-pass-through=-lc] ==> ignore
    arg [-plugin-opt=-pass-through=-lgcc] ==> ignore
    arg [-plugin-opt=-pass-through=-lgcc_s] ==> ignore
    arg [--sysroot=/] ==> ignore
    arg [--build-id] ==> ignore
    arg [--eh-frame-hdr] ==> ignore
    arg [-m] ==> ignore
    arg [elf_x86_64] ==> ignore
    arg [--hash-style=gnu] ==> ignore
    arg [-export-dynamic] ==> ignore
    arg [-dynamic-linker] ==> ignore
    arg [/lib64/ld-linux-x86-64.so.2] ==> ignore
    arg [-o] ==> ignore
    arg [cmTC_dea38] ==> ignore
    arg [/usr/lib/gcc/x86_64-linux-gnu/4.9/../../../x86_64-linux-gnu/crt1.o] ==> ignore
    arg [/usr/lib/gcc/x86_64-linux-gnu/4.9/../../../x86_64-linux-gnu/crti.o] ==> ignore
    arg [/usr/lib/gcc/x86_64-linux-gnu/4.9/crtbegin.o] ==> ignore
    arg [-L/opt/easybuild/software/Compiler/GCCcore/5.4.0/ncurses/6.0/lib/../lib] ==> dir [/opt/easybuild/software/Compiler/GCCcore/5.4.0/ncurses/6.0/lib/../lib]
    arg [-L/opt/easybuild/software/MPI/GCC/5.4.0-2.26/OpenMPI/1.10.3/ScaLAPACK/2.0.2-OpenBLAS-0.2.18-LAPACK-3.6.1/lib/../lib] ==> dir [/opt/easybuild/software/MPI/GCC/5.4.0-2.26/OpenMPI/1.10.3/ScaLAPACK/2.0.2-OpenBLAS-0.2.18-LAPACK-3.6.1/lib/../lib]
    arg [-L/opt/easybuild/software/Compiler/GCC/5.4.0-2.26/OpenBLAS/0.2.18-LAPACK-3.6.1/lib/../lib] ==> dir [/opt/easybuild/software/Compiler/GCC/5.4.0-2.26/OpenBLAS/0.2.18-LAPACK-3.6.1/lib/../lib]
    arg [-L/opt/easybuild/software/Compiler/GCCcore/5.4.0/binutils/2.26/lib/../lib] ==> dir [/opt/easybuild/software/Compiler/GCCcore/5.4.0/binutils/2.26/lib/../lib]
    arg [-L/opt/easybuild/software/Core/GCCcore/5.4.0/lib64/../lib] ==> dir [/opt/easybuild/software/Core/GCCcore/5.4.0/lib64/../lib]
    arg [-L/opt/easybuild/software/Core/GCCcore/5.4.0/lib/../lib] ==> dir [/opt/easybuild/software/Core/GCCcore/5.4.0/lib/../lib]
    arg [-L/opt/easybuild/software/MPI/GCC/5.4.0-2.26/OpenMPI/1.10.3/FFTW/3.3.4/lib/../lib] ==> dir [/opt/easybuild/software/MPI/GCC/5.4.0-2.26/OpenMPI/1.10.3/FFTW/3.3.4/lib/../lib]
    arg [-L/opt/easybuild/software/Compiler/GCC/5.4.0-2.26/OpenMPI/1.10.3/lib/../lib] ==> dir [/opt/easybuild/software/Compiler/GCC/5.4.0-2.26/OpenMPI/1.10.3/lib/../lib]
    arg [-L/opt/easybuild/software/Compiler/GCC/5.4.0-2.26/hwloc/1.11.3/lib/../lib] ==> dir [/opt/easybuild/software/Compiler/GCC/5.4.0-2.26/hwloc/1.11.3/lib/../lib]
    arg [-L/opt/easybuild/software/Compiler/GCC/5.4.0-2.26/numactl/2.0.11/lib/../lib] ==> dir [/opt/easybuild/software/Compiler/GCC/5.4.0-2.26/numactl/2.0.11/lib/../lib]
    arg [-L/usr/lib/gcc/x86_64-linux-gnu/4.9] ==> dir [/usr/lib/gcc/x86_64-linux-gnu/4.9]
    arg [-L/usr/lib/gcc/x86_64-linux-gnu/4.9/../../../x86_64-linux-gnu] ==> dir [/usr/lib/gcc/x86_64-linux-gnu/4.9/../../../x86_64-linux-gnu]
    arg [-L/usr/lib/gcc/x86_64-linux-gnu/4.9/../../../../lib] ==> dir [/usr/lib/gcc/x86_64-linux-gnu/4.9/../../../../lib]
    arg [-L/lib/x86_64-linux-gnu] ==> dir [/lib/x86_64-linux-gnu]
    arg [-L/lib/../lib] ==> dir [/lib/../lib]
    arg [-L/usr/lib/x86_64-linux-gnu] ==> dir [/usr/lib/x86_64-linux-gnu]
    arg [-L/usr/lib/../lib] ==> dir [/usr/lib/../lib]
    arg [-L/opt/easybuild/software/Compiler/GCCcore/5.4.0/ncurses/6.0/lib] ==> dir [/opt/easybuild/software/Compiler/GCCcore/5.4.0/ncurses/6.0/lib]
    arg [-L/opt/easybuild/software/MPI/GCC/5.4.0-2.26/OpenMPI/1.10.3/ScaLAPACK/2.0.2-OpenBLAS-0.2.18-LAPACK-3.6.1/lib] ==> dir [/opt/easybuild/software/MPI/GCC/5.4.0-2.26/OpenMPI/1.10.3/ScaLAPACK/2.0.2-OpenBLAS-0.2.18-LAPACK-3.6.1/lib]
    arg [-L/opt/easybuild/software/Compiler/GCC/5.4.0-2.26/OpenBLAS/0.2.18-LAPACK-3.6.1/lib] ==> dir [/opt/easybuild/software/Compiler/GCC/5.4.0-2.26/OpenBLAS/0.2.18-LAPACK-3.6.1/lib]
    arg [-L/opt/easybuild/software/Compiler/GCCcore/5.4.0/binutils/2.26/lib] ==> dir [/opt/easybuild/software/Compiler/GCCcore/5.4.0/binutils/2.26/lib]
    arg [-L/opt/easybuild/software/Core/GCCcore/5.4.0/lib64] ==> dir [/opt/easybuild/software/Core/GCCcore/5.4.0/lib64]
    arg [-L/opt/easybuild/software/Core/GCCcore/5.4.0/lib] ==> dir [/opt/easybuild/software/Core/GCCcore/5.4.0/lib]
    arg [-L/opt/easybuild/software/MPI/GCC/5.4.0-2.26/OpenMPI/1.10.3/FFTW/3.3.4/lib] ==> dir [/opt/easybuild/software/MPI/GCC/5.4.0-2.26/OpenMPI/1.10.3/FFTW/3.3.4/lib]
    arg [-L/opt/easybuild/software/Compiler/GCC/5.4.0-2.26/OpenMPI/1.10.3/lib] ==> dir [/opt/easybuild/software/Compiler/GCC/5.4.0-2.26/OpenMPI/1.10.3/lib]
    arg [-L/opt/easybuild/software/Compiler/GCC/5.4.0-2.26/hwloc/1.11.3/lib] ==> dir [/opt/easybuild/software/Compiler/GCC/5.4.0-2.26/hwloc/1.11.3/lib]
    arg [-L/opt/easybuild/software/Compiler/GCC/5.4.0-2.26/numactl/2.0.11/lib] ==> dir [/opt/easybuild/software/Compiler/GCC/5.4.0-2.26/numactl/2.0.11/lib]
    arg [-L/usr/lib/gcc/x86_64-linux-gnu/4.9/../../..] ==> dir [/usr/lib/gcc/x86_64-linux-gnu/4.9/../../..]
    arg [CMakeFiles/cmTC_dea38.dir/CMakeCCompilerABI.c.o] ==> ignore
    arg [-lgcc] ==> lib [gcc]
    arg [--as-needed] ==> ignore
    arg [-lgcc_s] ==> lib [gcc_s]
    arg [--no-as-needed] ==> ignore
    arg [-lc] ==> lib [c]
    arg [-lgcc] ==> lib [gcc]
    arg [--as-needed] ==> ignore
    arg [-lgcc_s] ==> lib [gcc_s]
    arg [--no-as-needed] ==> ignore
    arg [/usr/lib/gcc/x86_64-linux-gnu/4.9/crtend.o] ==> ignore
    arg [/usr/lib/gcc/x86_64-linux-gnu/4.9/../../../x86_64-linux-gnu/crtn.o] ==> ignore
  remove lib [gcc]
  remove lib [gcc_s]
  remove lib [gcc]
  remove lib [gcc_s]
  collapse library dir [/opt/easybuild/software/Compiler/GCCcore/5.4.0/ncurses/6.0/lib/../lib] ==> [/opt/easybuild/software/Compiler/GCCcore/5.4.0/ncurses/6.0/lib]
  collapse library dir [/opt/easybuild/software/MPI/GCC/5.4.0-2.26/OpenMPI/1.10.3/ScaLAPACK/2.0.2-OpenBLAS-0.2.18-LAPACK-3.6.1/lib/../lib] ==> [/opt/easybuild/software/MPI/GCC/5.4.0-2.26/OpenMPI/1.10.3/ScaLAPACK/2.0.2-OpenBLAS-0.2.18-LAPACK-3.6.1/lib]
  collapse library dir [/opt/easybuild/software/Compiler/GCC/5.4.0-2.26/OpenBLAS/0.2.18-LAPACK-3.6.1/lib/../lib] ==> [/opt/easybuild/software/Compiler/GCC/5.4.0-2.26/OpenBLAS/0.2.18-LAPACK-3.6.1/lib]
  collapse library dir [/opt/easybuild/software/Compiler/GCCcore/5.4.0/binutils/2.26/lib/../lib] ==> [/opt/easybuild/software/Compiler/GCCcore/5.4.0/binutils/2.26/lib]
  collapse library dir [/opt/easybuild/software/Core/GCCcore/5.4.0/lib64/../lib] ==> [/opt/easybuild/software/Core/GCCcore/5.4.0/lib]
  collapse library dir [/opt/easybuild/software/Core/GCCcore/5.4.0/lib/../lib] ==> [/opt/easybuild/software/Core/GCCcore/5.4.0/lib]
  collapse library dir [/opt/easybuild/software/MPI/GCC/5.4.0-2.26/OpenMPI/1.10.3/FFTW/3.3.4/lib/../lib] ==> [/opt/easybuild/software/MPI/GCC/5.4.0-2.26/OpenMPI/1.10.3/FFTW/3.3.4/lib]
  collapse library dir [/opt/easybuild/software/Compiler/GCC/5.4.0-2.26/OpenMPI/1.10.3/lib/../lib] ==> [/opt/easybuild/software/Compiler/GCC/5.4.0-2.26/OpenMPI/1.10.3/lib]
  collapse library dir [/opt/easybuild/software/Compiler/GCC/5.4.0-2.26/hwloc/1.11.3/lib/../lib] ==> [/opt/easybuild/software/Compiler/GCC/5.4.0-2.26/hwloc/1.11.3/lib]
  collapse library dir [/opt/easybuild/software/Compiler/GCC/5.4.0-2.26/numactl/2.0.11/lib/../lib] ==> [/opt/easybuild/software/Compiler/GCC/5.4.0-2.26/numactl/2.0.11/lib]
  collapse library dir [/usr/lib/gcc/x86_64-linux-gnu/4.9] ==> [/usr/lib/gcc/x86_64-linux-gnu/4.9]
  collapse library dir [/usr/lib/gcc/x86_64-linux-gnu/4.9/../../../x86_64-linux-gnu] ==> [/usr/lib/x86_64-linux-gnu]
  collapse library dir [/usr/lib/gcc/x86_64-linux-gnu/4.9/../../../../lib] ==> [/usr/lib]
  collapse library dir [/lib/x86_64-linux-gnu] ==> [/lib/x86_64-linux-gnu]
  collapse library dir [/lib/../lib] ==> [/lib]
  collapse library dir [/usr/lib/x86_64-linux-gnu] ==> [/usr/lib/x86_64-linux-gnu]
  collapse library dir [/usr/lib/../lib] ==> [/usr/lib]
  collapse library dir [/opt/easybuild/software/Compiler/GCCcore/5.4.0/ncurses/6.0/lib] ==> [/opt/easybuild/software/Compiler/GCCcore/5.4.0/ncurses/6.0/lib]
  collapse library dir [/opt/easybuild/software/MPI/GCC/5.4.0-2.26/OpenMPI/1.10.3/ScaLAPACK/2.0.2-OpenBLAS-0.2.18-LAPACK-3.6.1/lib] ==> [/opt/easybuild/software/MPI/GCC/5.4.0-2.26/OpenMPI/1.10.3/ScaLAPACK/2.0.2-OpenBLAS-0.2.18-LAPACK-3.6.1/lib]
  collapse library dir [/opt/easybuild/software/Compiler/GCC/5.4.0-2.26/OpenBLAS/0.2.18-LAPACK-3.6.1/lib] ==> [/opt/easybuild/software/Compiler/GCC/5.4.0-2.26/OpenBLAS/0.2.18-LAPACK-3.6.1/lib]
  collapse library dir [/opt/easybuild/software/Compiler/GCCcore/5.4.0/binutils/2.26/lib] ==> [/opt/easybuild/software/Compiler/GCCcore/5.4.0/binutils/2.26/lib]
  collapse library dir [/opt/easybuild/software/Core/GCCcore/5.4.0/lib64] ==> [/opt/easybuild/software/Core/GCCcore/5.4.0/lib64]
  collapse library dir [/opt/easybuild/software/Core/GCCcore/5.4.0/lib] ==> [/opt/easybuild/software/Core/GCCcore/5.4.0/lib]
  collapse library dir [/opt/easybuild/software/MPI/GCC/5.4.0-2.26/OpenMPI/1.10.3/FFTW/3.3.4/lib] ==> [/opt/easybuild/software/MPI/GCC/5.4.0-2.26/OpenMPI/1.10.3/FFTW/3.3.4/lib]
  collapse library dir [/opt/easybuild/software/Compiler/GCC/5.4.0-2.26/OpenMPI/1.10.3/lib] ==> [/opt/easybuild/software/Compiler/GCC/5.4.0-2.26/OpenMPI/1.10.3/lib]
  collapse library dir [/opt/easybuild/software/Compiler/GCC/5.4.0-2.26/hwloc/1.11.3/lib] ==> [/opt/easybuild/software/Compiler/GCC/5.4.0-2.26/hwloc/1.11.3/lib]
  collapse library dir [/opt/easybuild/software/Compiler/GCC/5.4.0-2.26/numactl/2.0.11/lib] ==> [/opt/easybuild/software/Compiler/GCC/5.4.0-2.26/numactl/2.0.11/lib]
  collapse library dir [/usr/lib/gcc/x86_64-linux-gnu/4.9/../../..] ==> [/usr/lib]
  implicit libs: [c]
  implicit dirs: [/opt/easybuild/software/Compiler/GCCcore/5.4.0/ncurses/6.0/lib;/opt/easybuild/software/MPI/GCC/5.4.0-2.26/OpenMPI/1.10.3/ScaLAPACK/2.0.2-OpenBLAS-0.2.18-LAPACK-3.6.1/lib;/opt/easybuild/software/Compiler/GCC/5.4.0-2.26/OpenBLAS/0.2.18-LAPACK-3.6.1/lib;/opt/easybuild/software/Compiler/GCCcore/5.4.0/binutils/2.26/lib;/opt/easybuild/software/Core/GCCcore/5.4.0/lib;/opt/easybuild/software/MPI/GCC/5.4.0-2.26/OpenMPI/1.10.3/FFTW/3.3.4/lib;/opt/easybuild/software/Compiler/GCC/5.4.0-2.26/OpenMPI/1.10.3/lib;/opt/easybuild/software/Compiler/GCC/5.4.0-2.26/hwloc/1.11.3/lib;/opt/easybuild/software/Compiler/GCC/5.4.0-2.26/numactl/2.0.11/lib;/usr/lib/gcc/x86_64-linux-gnu/4.9;/usr/lib/x86_64-linux-gnu;/usr/lib;/lib/x86_64-linux-gnu;/lib;/opt/easybuild/software/Core/GCCcore/5.4.0/lib64]
  implicit fwks: []




Detecting C [-std=c11] compiler features compiled with the following output:
Change Dir: /home/hd/hd_hd/hd_ly428/workspace/lte/multigroup/unit/build/CMakeFiles/CMakeTmp

Run Build Command:"/usr/bin/make" "cmTC_e3b49/fast"
/usr/bin/make -f CMakeFiles/cmTC_e3b49.dir/build.make CMakeFiles/cmTC_e3b49.dir/build
make[1]: Entering directory '/export/homebwfor/hd/hd_hd/hd_ly428/workspace/lte/multigroup/unit/build/CMakeFiles/CMakeTmp'
Building C object CMakeFiles/cmTC_e3b49.dir/feature_tests.c.o
/usr/bin/cc    -std=c11 -o CMakeFiles/cmTC_e3b49.dir/feature_tests.c.o   -c /home/hd/hd_hd/hd_ly428/workspace/lte/multigroup/unit/build/CMakeFiles/feature_tests.c
Linking C executable cmTC_e3b49
/opt/easybuild/software/MPI/GCC/5.4.0-2.26/OpenMPI/1.10.3/CMake/3.5.2/bin/cmake -E cmake_link_script CMakeFiles/cmTC_e3b49.dir/link.txt --verbose=1
/usr/bin/cc       CMakeFiles/cmTC_e3b49.dir/feature_tests.c.o  -o cmTC_e3b49 -rdynamic 
make[1]: Leaving directory '/export/homebwfor/hd/hd_hd/hd_ly428/workspace/lte/multigroup/unit/build/CMakeFiles/CMakeTmp'


    Feature record: C_FEATURE:1c_function_prototypes
    Feature record: C_FEATURE:1c_restrict
    Feature record: C_FEATURE:1c_static_assert
    Feature record: C_FEATURE:1c_variadic_macros


Detecting C [-std=c99] compiler features compiled with the following output:
Change Dir: /home/hd/hd_hd/hd_ly428/workspace/lte/multigroup/unit/build/CMakeFiles/CMakeTmp

Run Build Command:"/usr/bin/make" "cmTC_06c72/fast"
/usr/bin/make -f CMakeFiles/cmTC_06c72.dir/build.make CMakeFiles/cmTC_06c72.dir/build
make[1]: Entering directory '/export/homebwfor/hd/hd_hd/hd_ly428/workspace/lte/multigroup/unit/build/CMakeFiles/CMakeTmp'
Building C object CMakeFiles/cmTC_06c72.dir/feature_tests.c.o
/usr/bin/cc    -std=c99 -o CMakeFiles/cmTC_06c72.dir/feature_tests.c.o   -c /home/hd/hd_hd/hd_ly428/workspace/lte/multigroup/unit/build/CMakeFiles/feature_tests.c
Linking C executable cmTC_06c72
/opt/easybuild/software/MPI/GCC/5.4.0-2.26/OpenMPI/1.10.3/CMake/3.5.2/bin/cmake -E cmake_link_script CMakeFiles/cmTC_06c72.dir/link.txt --verbose=1
/usr/bin/cc       CMakeFiles/cmTC_06c72.dir/feature_tests.c.o  -o cmTC_06c72 -rdynamic 
make[1]: Leaving directory '/export/homebwfor/hd/hd_hd/hd_ly428/workspace/lte/multigroup/unit/build/CMakeFiles/CMakeTmp'


    Feature record: C_FEATURE:1c_function_prototypes
    Feature record: C_FEATURE:1c_restrict
    Feature record: C_FEATURE:0c_static_assert
    Feature record: C_FEATURE:1c_variadic_macros


Detecting C [-std=c90] compiler features compiled with the following output:
Change Dir: /home/hd/hd_hd/hd_ly428/workspace/lte/multigroup/unit/build/CMakeFiles/CMakeTmp

Run Build Command:"/usr/bin/make" "cmTC_0e845/fast"
/usr/bin/make -f CMakeFiles/cmTC_0e845.dir/build.make CMakeFiles/cmTC_0e845.dir/build
make[1]: Entering directory '/export/homebwfor/hd/hd_hd/hd_ly428/workspace/lte/multigroup/unit/build/CMakeFiles/CMakeTmp'
Building C object CMakeFiles/cmTC_0e845.dir/feature_tests.c.o
/usr/bin/cc    -std=c90 -o CMakeFiles/cmTC_0e845.dir/feature_tests.c.o   -c /home/hd/hd_hd/hd_ly428/workspace/lte/multigroup/unit/build/CMakeFiles/feature_tests.c
Linking C executable cmTC_0e845
/opt/easybuild/software/MPI/GCC/5.4.0-2.26/OpenMPI/1.10.3/CMake/3.5.2/bin/cmake -E cmake_link_script CMakeFiles/cmTC_0e845.dir/link.txt --verbose=1
/usr/bin/cc       CMakeFiles/cmTC_0e845.dir/feature_tests.c.o  -o cmTC_0e845 -rdynamic 
make[1]: Leaving directory '/export/homebwfor/hd/hd_hd/hd_ly428/workspace/lte/multigroup/unit/build/CMakeFiles/CMakeTmp'


    Feature record: C_FEATURE:1c_function_prototypes
    Feature record: C_FEATURE:0c_restrict
    Feature record: C_FEATURE:0c_static_assert
    Feature record: C_FEATURE:0c_variadic_macros
Determining if the CXX compiler works passed with the following output:
Change Dir: /home/hd/hd_hd/hd_ly428/workspace/lte/multigroup/unit/build/CMakeFiles/CMakeTmp

Run Build Command:"/usr/bin/make" "cmTC_d7168/fast"
/usr/bin/make -f CMakeFiles/cmTC_d7168.dir/build.make CMakeFiles/cmTC_d7168.dir/build
make[1]: Entering directory '/export/homebwfor/hd/hd_hd/hd_ly428/workspace/lte/multigroup/unit/build/CMakeFiles/CMakeTmp'
Building CXX object CMakeFiles/cmTC_d7168.dir/testCXXCompiler.cxx.o
/opt/easybuild/software/Core/GCCcore/5.4.0/bin/c++      -o CMakeFiles/cmTC_d7168.dir/testCXXCompiler.cxx.o -c /home/hd/hd_hd/hd_ly428/workspace/lte/multigroup/unit/build/CMakeFiles/CMakeTmp/testCXXCompiler.cxx
Linking CXX executable cmTC_d7168
/opt/easybuild/software/MPI/GCC/5.4.0-2.26/OpenMPI/1.10.3/CMake/3.5.2/bin/cmake -E cmake_link_script CMakeFiles/cmTC_d7168.dir/link.txt --verbose=1
/opt/easybuild/software/Core/GCCcore/5.4.0/bin/c++        CMakeFiles/cmTC_d7168.dir/testCXXCompiler.cxx.o  -o cmTC_d7168 -rdynamic 
make[1]: Leaving directory '/export/homebwfor/hd/hd_hd/hd_ly428/workspace/lte/multigroup/unit/build/CMakeFiles/CMakeTmp'


Detecting CXX compiler ABI info compiled with the following output:
Change Dir: /home/hd/hd_hd/hd_ly428/workspace/lte/multigroup/unit/build/CMakeFiles/CMakeTmp

Run Build Command:"/usr/bin/make" "cmTC_311ef/fast"
/usr/bin/make -f CMakeFiles/cmTC_311ef.dir/build.make CMakeFiles/cmTC_311ef.dir/build
make[1]: Entering directory '/export/homebwfor/hd/hd_hd/hd_ly428/workspace/lte/multigroup/unit/build/CMakeFiles/CMakeTmp'
Building CXX object CMakeFiles/cmTC_311ef.dir/CMakeCXXCompilerABI.cpp.o
/opt/easybuild/software/Core/GCCcore/5.4.0/bin/c++      -o CMakeFiles/cmTC_311ef.dir/CMakeCXXCompilerABI.cpp.o -c /opt/easybuild/software/MPI/GCC/5.4.0-2.26/OpenMPI/1.10.3/CMake/3.5.2/share/cmake-3.5/Modules/CMakeCXXCompilerABI.cpp
Linking CXX executable cmTC_311ef
/opt/easybuild/software/MPI/GCC/5.4.0-2.26/OpenMPI/1.10.3/CMake/3.5.2/bin/cmake -E cmake_link_script CMakeFiles/cmTC_311ef.dir/link.txt --verbose=1
/opt/easybuild/software/Core/GCCcore/5.4.0/bin/c++       -v CMakeFiles/cmTC_311ef.dir/CMakeCXXCompilerABI.cpp.o  -o cmTC_311ef -rdynamic  
Using built-in specs.
COLLECT_GCC=/opt/easybuild/software/Core/GCCcore/5.4.0/bin/c++
COLLECT_LTO_WRAPPER=/opt/easybuild/software/Core/GCCcore/5.4.0/libexec/gcc/x86_64-unknown-linux-gnu/5.4.0/lto-wrapper
Target: x86_64-unknown-linux-gnu
Configured with: ../configure --enable-languages=c,c++,fortran --enable-lto --enable-checking=release --disable-multilib --enable-shared=yes --enable-static=yes --enable-threads=posix --enable-gold=default --enable-plugins --enable-ld --with-plugin-ld=ld.gold --prefix=/opt/easybuild/software/Core/GCCcore/5.4.0 --with-local-prefix=/opt/easybuild/software/Core/GCCcore/5.4.0 --enable-bootstrap --with-isl=/export/homelocal/sfriedel/.local/easybuild/build/GCCcore/5.4.0/dummy-/gcc-5.4.0/stage2_stuff
Thread model: posix
gcc version 5.4.0 (GCC) 
COMPILER_PATH=/opt/easybuild/software/Core/GCCcore/5.4.0/libexec/gcc/x86_64-unknown-linux-gnu/5.4.0/:/opt/easybuild/software/Core/GCCcore/5.4.0/libexec/gcc/x86_64-unknown-linux-gnu/5.4.0/:/opt/easybuild/software/Core/GCCcore/5.4.0/libexec/gcc/x86_64-unknown-linux-gnu/:/opt/easybuild/software/Core/GCCcore/5.4.0/lib/gcc/x86_64-unknown-linux-gnu/5.4.0/:/opt/easybuild/software/Core/GCCcore/5.4.0/lib/gcc/x86_64-unknown-linux-gnu/
LIBRARY_PATH=/opt/easybuild/software/Core/GCCcore/5.4.0/lib64/../lib64/:/opt/easybuild/software/Core/GCCcore/5.4.0/lib/../lib64/:/opt/easybuild/software/Core/GCCcore/5.4.0/lib/gcc/x86_64-unknown-linux-gnu/5.4.0/:/opt/easybuild/software/Core/GCCcore/5.4.0/lib/gcc/x86_64-unknown-linux-gnu/5.4.0/../../../../lib64/:/lib/x86_64-linux-gnu/:/lib/../lib64/:/usr/lib/x86_64-linux-gnu/:/opt/easybuild/software/Compiler/GCCcore/5.4.0/ncurses/6.0/lib/:/opt/easybuild/software/MPI/GCC/5.4.0-2.26/OpenMPI/1.10.3/ScaLAPACK/2.0.2-OpenBLAS-0.2.18-LAPACK-3.6.1/lib/:/opt/easybuild/software/Compiler/GCC/5.4.0-2.26/OpenBLAS/0.2.18-LAPACK-3.6.1/lib/:/opt/easybuild/software/Compiler/GCCcore/5.4.0/binutils/2.26/lib/:/opt/easybuild/software/Core/GCCcore/5.4.0/lib64/:/opt/easybuild/software/Core/GCCcore/5.4.0/lib/:/opt/easybuild/software/MPI/GCC/5.4.0-2.26/OpenMPI/1.10.3/FFTW/3.3.4/lib/:/opt/easybuild/software/Compiler/GCC/5.4.0-2.26/OpenMPI/1.10.3/lib/:/opt/easybuild/software/Compiler/GCC/5.4.0-2.26/hwloc/1.11.3/lib/:/opt/easybuild/software/Compiler/GCC/5.4.0-2.26/numactl/2.0.11/lib/:/opt/easybuild/software/Core/GCCcore/5.4.0/lib/gcc/x86_64-unknown-linux-gnu/5.4.0/../../../:/lib/:/usr/lib/
COLLECT_GCC_OPTIONS='-v' '-o' 'cmTC_311ef' '-rdynamic' '-shared-libgcc' '-mtune=generic' '-march=x86-64'
 /opt/easybuild/software/Core/GCCcore/5.4.0/libexec/gcc/x86_64-unknown-linux-gnu/5.4.0/collect2 -plugin /opt/easybuild/software/Core/GCCcore/5.4.0/libexec/gcc/x86_64-unknown-linux-gnu/5.4.0/liblto_plugin.so -plugin-opt=/opt/easybuild/software/Core/GCCcore/5.4.0/libexec/gcc/x86_64-unknown-linux-gnu/5.4.0/lto-wrapper -plugin-opt=-fresolution=/tmp/ccWZy2F2.res -plugin-opt=-pass-through=-lgcc_s -plugin-opt=-pass-through=-lgcc -plugin-opt=-pass-through=-lc -plugin-opt=-pass-through=-lgcc_s -plugin-opt=-pass-through=-lgcc --eh-frame-hdr -m elf_x86_64 -export-dynamic -dynamic-linker /lib64/ld-linux-x86-64.so.2 -o cmTC_311ef /usr/lib/x86_64-linux-gnu/crt1.o /usr/lib/x86_64-linux-gnu/crti.o /opt/easybuild/software/Core/GCCcore/5.4.0/lib/gcc/x86_64-unknown-linux-gnu/5.4.0/crtbegin.o -L/opt/easybuild/software/Core/GCCcore/5.4.0/lib64/../lib64 -L/opt/easybuild/software/Core/GCCcore/5.4.0/lib/../lib64 -L/opt/easybuild/software/Core/GCCcore/5.4.0/lib/gcc/x86_64-unknown-linux-gnu/5.4.0 -L/opt/easybuild/software/Core/GCCcore/5.4.0/lib/gcc/x86_64-unknown-linux-gnu/5.4.0/../../../../lib64 -L/lib/x86_64-linux-gnu -L/lib/../lib64 -L/usr/lib/x86_64-linux-gnu -L/opt/easybuild/software/Compiler/GCCcore/5.4.0/ncurses/6.0/lib -L/opt/easybuild/software/MPI/GCC/5.4.0-2.26/OpenMPI/1.10.3/ScaLAPACK/2.0.2-OpenBLAS-0.2.18-LAPACK-3.6.1/lib -L/opt/easybuild/software/Compiler/GCC/5.4.0-2.26/OpenBLAS/0.2.18-LAPACK-3.6.1/lib -L/opt/easybuild/software/Compiler/GCCcore/5.4.0/binutils/2.26/lib -L/opt/easybuild/software/Core/GCCcore/5.4.0/lib64 -L/opt/easybuild/software/Core/GCCcore/5.4.0/lib -L/opt/easybuild/software/MPI/GCC/5.4.0-2.26/OpenMPI/1.10.3/FFTW/3.3.4/lib -L/opt/easybuild/software/Compiler/GCC/5.4.0-2.26/OpenMPI/1.10.3/lib -L/opt/easybuild/software/Compiler/GCC/5.4.0-2.26/hwloc/1.11.3/lib -L/opt/easybuild/software/Compiler/GCC/5.4.0-2.26/numactl/2.0.11/lib -L/opt/easybuild/software/Core/GCCcore/5.4.0/lib/gcc/x86_64-unknown-linux-gnu/5.4.0/../../.. CMakeFiles/cmTC_311ef.dir/CMakeCXXCompilerABI.cpp.o -lstdc++ -lm -lgcc_s -lgcc -lc -lgcc_s -lgcc /opt/easybuild/software/Core/GCCcore/5.4.0/lib/gcc/x86_64-unknown-linux-gnu/5.4.0/crtend.o /usr/lib/x86_64-linux-gnu/crtn.o
make[1]: Leaving directory '/export/homebwfor/hd/hd_hd/hd_ly428/workspace/lte/multigroup/unit/build/CMakeFiles/CMakeTmp'


Parsed CXX implicit link information from above output:
  link line regex: [^( *|.*[/\])(ld|([^/\]+-)?ld|collect2)[^/\]*( |$)]
  ignore line: [Change Dir: /home/hd/hd_hd/hd_ly428/workspace/lte/multigroup/unit/build/CMakeFiles/CMakeTmp]
  ignore line: []
  ignore line: [Run Build Command:"/usr/bin/make" "cmTC_311ef/fast"]
  ignore line: [/usr/bin/make -f CMakeFiles/cmTC_311ef.dir/build.make CMakeFiles/cmTC_311ef.dir/build]
  ignore line: [make[1]: Entering directory '/export/homebwfor/hd/hd_hd/hd_ly428/workspace/lte/multigroup/unit/build/CMakeFiles/CMakeTmp']
  ignore line: [Building CXX object CMakeFiles/cmTC_311ef.dir/CMakeCXXCompilerABI.cpp.o]
  ignore line: [/opt/easybuild/software/Core/GCCcore/5.4.0/bin/c++      -o CMakeFiles/cmTC_311ef.dir/CMakeCXXCompilerABI.cpp.o -c /opt/easybuild/software/MPI/GCC/5.4.0-2.26/OpenMPI/1.10.3/CMake/3.5.2/share/cmake-3.5/Modules/CMakeCXXCompilerABI.cpp]
  ignore line: [Linking CXX executable cmTC_311ef]
  ignore line: [/opt/easybuild/software/MPI/GCC/5.4.0-2.26/OpenMPI/1.10.3/CMake/3.5.2/bin/cmake -E cmake_link_script CMakeFiles/cmTC_311ef.dir/link.txt --verbose=1]
  ignore line: [/opt/easybuild/software/Core/GCCcore/5.4.0/bin/c++       -v CMakeFiles/cmTC_311ef.dir/CMakeCXXCompilerABI.cpp.o  -o cmTC_311ef -rdynamic  ]
  ignore line: [Using built-in specs.]
  ignore line: [COLLECT_GCC=/opt/easybuild/software/Core/GCCcore/5.4.0/bin/c++]
  ignore line: [COLLECT_LTO_WRAPPER=/opt/easybuild/software/Core/GCCcore/5.4.0/libexec/gcc/x86_64-unknown-linux-gnu/5.4.0/lto-wrapper]
  ignore line: [Target: x86_64-unknown-linux-gnu]
  ignore line: [Configured with: ../configure --enable-languages=c,c++,fortran --enable-lto --enable-checking=release --disable-multilib --enable-shared=yes --enable-static=yes --enable-threads=posix --enable-gold=default --enable-plugins --enable-ld --with-plugin-ld=ld.gold --prefix=/opt/easybuild/software/Core/GCCcore/5.4.0 --with-local-prefix=/opt/easybuild/software/Core/GCCcore/5.4.0 --enable-bootstrap --with-isl=/export/homelocal/sfriedel/.local/easybuild/build/GCCcore/5.4.0/dummy-/gcc-5.4.0/stage2_stuff]
  ignore line: [Thread model: posix]
  ignore line: [gcc version 5.4.0 (GCC) ]
  ignore line: [COMPILER_PATH=/opt/easybuild/software/Core/GCCcore/5.4.0/libexec/gcc/x86_64-unknown-linux-gnu/5.4.0/:/opt/easybuild/software/Core/GCCcore/5.4.0/libexec/gcc/x86_64-unknown-linux-gnu/5.4.0/:/opt/easybuild/software/Core/GCCcore/5.4.0/libexec/gcc/x86_64-unknown-linux-gnu/:/opt/easybuild/software/Core/GCCcore/5.4.0/lib/gcc/x86_64-unknown-linux-gnu/5.4.0/:/opt/easybuild/software/Core/GCCcore/5.4.0/lib/gcc/x86_64-unknown-linux-gnu/]
  ignore line: [LIBRARY_PATH=/opt/easybuild/software/Core/GCCcore/5.4.0/lib64/../lib64/:/opt/easybuild/software/Core/GCCcore/5.4.0/lib/../lib64/:/opt/easybuild/software/Core/GCCcore/5.4.0/lib/gcc/x86_64-unknown-linux-gnu/5.4.0/:/opt/easybuild/software/Core/GCCcore/5.4.0/lib/gcc/x86_64-unknown-linux-gnu/5.4.0/../../../../lib64/:/lib/x86_64-linux-gnu/:/lib/../lib64/:/usr/lib/x86_64-linux-gnu/:/opt/easybuild/software/Compiler/GCCcore/5.4.0/ncurses/6.0/lib/:/opt/easybuild/software/MPI/GCC/5.4.0-2.26/OpenMPI/1.10.3/ScaLAPACK/2.0.2-OpenBLAS-0.2.18-LAPACK-3.6.1/lib/:/opt/easybuild/software/Compiler/GCC/5.4.0-2.26/OpenBLAS/0.2.18-LAPACK-3.6.1/lib/:/opt/easybuild/software/Compiler/GCCcore/5.4.0/binutils/2.26/lib/:/opt/easybuild/software/Core/GCCcore/5.4.0/lib64/:/opt/easybuild/software/Core/GCCcore/5.4.0/lib/:/opt/easybuild/software/MPI/GCC/5.4.0-2.26/OpenMPI/1.10.3/FFTW/3.3.4/lib/:/opt/easybuild/software/Compiler/GCC/5.4.0-2.26/OpenMPI/1.10.3/lib/:/opt/easybuild/software/Compiler/GCC/5.4.0-2.26/hwloc/1.11.3/lib/:/opt/easybuild/software/Compiler/GCC/5.4.0-2.26/numactl/2.0.11/lib/:/opt/easybuild/software/Core/GCCcore/5.4.0/lib/gcc/x86_64-unknown-linux-gnu/5.4.0/../../../:/lib/:/usr/lib/]
  ignore line: [COLLECT_GCC_OPTIONS='-v' '-o' 'cmTC_311ef' '-rdynamic' '-shared-libgcc' '-mtune=generic' '-march=x86-64']
  link line: [ /opt/easybuild/software/Core/GCCcore/5.4.0/libexec/gcc/x86_64-unknown-linux-gnu/5.4.0/collect2 -plugin /opt/easybuild/software/Core/GCCcore/5.4.0/libexec/gcc/x86_64-unknown-linux-gnu/5.4.0/liblto_plugin.so -plugin-opt=/opt/easybuild/software/Core/GCCcore/5.4.0/libexec/gcc/x86_64-unknown-linux-gnu/5.4.0/lto-wrapper -plugin-opt=-fresolution=/tmp/ccWZy2F2.res -plugin-opt=-pass-through=-lgcc_s -plugin-opt=-pass-through=-lgcc -plugin-opt=-pass-through=-lc -plugin-opt=-pass-through=-lgcc_s -plugin-opt=-pass-through=-lgcc --eh-frame-hdr -m elf_x86_64 -export-dynamic -dynamic-linker /lib64/ld-linux-x86-64.so.2 -o cmTC_311ef /usr/lib/x86_64-linux-gnu/crt1.o /usr/lib/x86_64-linux-gnu/crti.o /opt/easybuild/software/Core/GCCcore/5.4.0/lib/gcc/x86_64-unknown-linux-gnu/5.4.0/crtbegin.o -L/opt/easybuild/software/Core/GCCcore/5.4.0/lib64/../lib64 -L/opt/easybuild/software/Core/GCCcore/5.4.0/lib/../lib64 -L/opt/easybuild/software/Core/GCCcore/5.4.0/lib/gcc/x86_64-unknown-linux-gnu/5.4.0 -L/opt/easybuild/software/Core/GCCcore/5.4.0/lib/gcc/x86_64-unknown-linux-gnu/5.4.0/../../../../lib64 -L/lib/x86_64-linux-gnu -L/lib/../lib64 -L/usr/lib/x86_64-linux-gnu -L/opt/easybuild/software/Compiler/GCCcore/5.4.0/ncurses/6.0/lib -L/opt/easybuild/software/MPI/GCC/5.4.0-2.26/OpenMPI/1.10.3/ScaLAPACK/2.0.2-OpenBLAS-0.2.18-LAPACK-3.6.1/lib -L/opt/easybuild/software/Compiler/GCC/5.4.0-2.26/OpenBLAS/0.2.18-LAPACK-3.6.1/lib -L/opt/easybuild/software/Compiler/GCCcore/5.4.0/binutils/2.26/lib -L/opt/easybuild/software/Core/GCCcore/5.4.0/lib64 -L/opt/easybuild/software/Core/GCCcore/5.4.0/lib -L/opt/easybuild/software/MPI/GCC/5.4.0-2.26/OpenMPI/1.10.3/FFTW/3.3.4/lib -L/opt/easybuild/software/Compiler/GCC/5.4.0-2.26/OpenMPI/1.10.3/lib -L/opt/easybuild/software/Compiler/GCC/5.4.0-2.26/hwloc/1.11.3/lib -L/opt/easybuild/software/Compiler/GCC/5.4.0-2.26/numactl/2.0.11/lib -L/opt/easybuild/software/Core/GCCcore/5.4.0/lib/gcc/x86_64-unknown-linux-gnu/5.4.0/../../.. CMakeFiles/cmTC_311ef.dir/CMakeCXXCompilerABI.cpp.o -lstdc++ -lm -lgcc_s -lgcc -lc -lgcc_s -lgcc /opt/easybuild/software/Core/GCCcore/5.4.0/lib/gcc/x86_64-unknown-linux-gnu/5.4.0/crtend.o /usr/lib/x86_64-linux-gnu/crtn.o]
    arg [/opt/easybuild/software/Core/GCCcore/5.4.0/libexec/gcc/x86_64-unknown-linux-gnu/5.4.0/collect2] ==> ignore
    arg [-plugin] ==> ignore
    arg [/opt/easybuild/software/Core/GCCcore/5.4.0/libexec/gcc/x86_64-unknown-linux-gnu/5.4.0/liblto_plugin.so] ==> ignore
    arg [-plugin-opt=/opt/easybuild/software/Core/GCCcore/5.4.0/libexec/gcc/x86_64-unknown-linux-gnu/5.4.0/lto-wrapper] ==> ignore
    arg [-plugin-opt=-fresolution=/tmp/ccWZy2F2.res] ==> ignore
    arg [-plugin-opt=-pass-through=-lgcc_s] ==> ignore
    arg [-plugin-opt=-pass-through=-lgcc] ==> ignore
    arg [-plugin-opt=-pass-through=-lc] ==> ignore
    arg [-plugin-opt=-pass-through=-lgcc_s] ==> ignore
    arg [-plugin-opt=-pass-through=-lgcc] ==> ignore
    arg [--eh-frame-hdr] ==> ignore
    arg [-m] ==> ignore
    arg [elf_x86_64] ==> ignore
    arg [-export-dynamic] ==> ignore
    arg [-dynamic-linker] ==> ignore
    arg [/lib64/ld-linux-x86-64.so.2] ==> ignore
    arg [-o] ==> ignore
    arg [cmTC_311ef] ==> ignore
    arg [/usr/lib/x86_64-linux-gnu/crt1.o] ==> ignore
    arg [/usr/lib/x86_64-linux-gnu/crti.o] ==> ignore
    arg [/opt/easybuild/software/Core/GCCcore/5.4.0/lib/gcc/x86_64-unknown-linux-gnu/5.4.0/crtbegin.o] ==> ignore
    arg [-L/opt/easybuild/software/Core/GCCcore/5.4.0/lib64/../lib64] ==> dir [/opt/easybuild/software/Core/GCCcore/5.4.0/lib64/../lib64]
    arg [-L/opt/easybuild/software/Core/GCCcore/5.4.0/lib/../lib64] ==> dir [/opt/easybuild/software/Core/GCCcore/5.4.0/lib/../lib64]
    arg [-L/opt/easybuild/software/Core/GCCcore/5.4.0/lib/gcc/x86_64-unknown-linux-gnu/5.4.0] ==> dir [/opt/easybuild/software/Core/GCCcore/5.4.0/lib/gcc/x86_64-unknown-linux-gnu/5.4.0]
    arg [-L/opt/easybuild/software/Core/GCCcore/5.4.0/lib/gcc/x86_64-unknown-linux-gnu/5.4.0/../../../../lib64] ==> dir [/opt/easybuild/software/Core/GCCcore/5.4.0/lib/gcc/x86_64-unknown-linux-gnu/5.4.0/../../../../lib64]
    arg [-L/lib/x86_64-linux-gnu] ==> dir [/lib/x86_64-linux-gnu]
    arg [-L/lib/../lib64] ==> dir [/lib/../lib64]
    arg [-L/usr/lib/x86_64-linux-gnu] ==> dir [/usr/lib/x86_64-linux-gnu]
    arg [-L/opt/easybuild/software/Compiler/GCCcore/5.4.0/ncurses/6.0/lib] ==> dir [/opt/easybuild/software/Compiler/GCCcore/5.4.0/ncurses/6.0/lib]
    arg [-L/opt/easybuild/software/MPI/GCC/5.4.0-2.26/OpenMPI/1.10.3/ScaLAPACK/2.0.2-OpenBLAS-0.2.18-LAPACK-3.6.1/lib] ==> dir [/opt/easybuild/software/MPI/GCC/5.4.0-2.26/OpenMPI/1.10.3/ScaLAPACK/2.0.2-OpenBLAS-0.2.18-LAPACK-3.6.1/lib]
    arg [-L/opt/easybuild/software/Compiler/GCC/5.4.0-2.26/OpenBLAS/0.2.18-LAPACK-3.6.1/lib] ==> dir [/opt/easybuild/software/Compiler/GCC/5.4.0-2.26/OpenBLAS/0.2.18-LAPACK-3.6.1/lib]
    arg [-L/opt/easybuild/software/Compiler/GCCcore/5.4.0/binutils/2.26/lib] ==> dir [/opt/easybuild/software/Compiler/GCCcore/5.4.0/binutils/2.26/lib]
    arg [-L/opt/easybuild/software/Core/GCCcore/5.4.0/lib64] ==> dir [/opt/easybuild/software/Core/GCCcore/5.4.0/lib64]
    arg [-L/opt/easybuild/software/Core/GCCcore/5.4.0/lib] ==> dir [/opt/easybuild/software/Core/GCCcore/5.4.0/lib]
    arg [-L/opt/easybuild/software/MPI/GCC/5.4.0-2.26/OpenMPI/1.10.3/FFTW/3.3.4/lib] ==> dir [/opt/easybuild/software/MPI/GCC/5.4.0-2.26/OpenMPI/1.10.3/FFTW/3.3.4/lib]
    arg [-L/opt/easybuild/software/Compiler/GCC/5.4.0-2.26/OpenMPI/1.10.3/lib] ==> dir [/opt/easybuild/software/Compiler/GCC/5.4.0-2.26/OpenMPI/1.10.3/lib]
    arg [-L/opt/easybuild/software/Compiler/GCC/5.4.0-2.26/hwloc/1.11.3/lib] ==> dir [/opt/easybuild/software/Compiler/GCC/5.4.0-2.26/hwloc/1.11.3/lib]
    arg [-L/opt/easybuild/software/Compiler/GCC/5.4.0-2.26/numactl/2.0.11/lib] ==> dir [/opt/easybuild/software/Compiler/GCC/5.4.0-2.26/numactl/2.0.11/lib]
    arg [-L/opt/easybuild/software/Core/GCCcore/5.4.0/lib/gcc/x86_64-unknown-linux-gnu/5.4.0/../../..] ==> dir [/opt/easybuild/software/Core/GCCcore/5.4.0/lib/gcc/x86_64-unknown-linux-gnu/5.4.0/../../..]
    arg [CMakeFiles/cmTC_311ef.dir/CMakeCXXCompilerABI.cpp.o] ==> ignore
    arg [-lstdc++] ==> lib [stdc++]
    arg [-lm] ==> lib [m]
    arg [-lgcc_s] ==> lib [gcc_s]
    arg [-lgcc] ==> lib [gcc]
    arg [-lc] ==> lib [c]
    arg [-lgcc_s] ==> lib [gcc_s]
    arg [-lgcc] ==> lib [gcc]
    arg [/opt/easybuild/software/Core/GCCcore/5.4.0/lib/gcc/x86_64-unknown-linux-gnu/5.4.0/crtend.o] ==> ignore
    arg [/usr/lib/x86_64-linux-gnu/crtn.o] ==> ignore
  remove lib [gcc_s]
  remove lib [gcc]
  remove lib [gcc_s]
  remove lib [gcc]
  collapse library dir [/opt/easybuild/software/Core/GCCcore/5.4.0/lib64/../lib64] ==> [/opt/easybuild/software/Core/GCCcore/5.4.0/lib64]
  collapse library dir [/opt/easybuild/software/Core/GCCcore/5.4.0/lib/../lib64] ==> [/opt/easybuild/software/Core/GCCcore/5.4.0/lib64]
  collapse library dir [/opt/easybuild/software/Core/GCCcore/5.4.0/lib/gcc/x86_64-unknown-linux-gnu/5.4.0] ==> [/opt/easybuild/software/Core/GCCcore/5.4.0/lib/gcc/x86_64-unknown-linux-gnu/5.4.0]
  collapse library dir [/opt/easybuild/software/Core/GCCcore/5.4.0/lib/gcc/x86_64-unknown-linux-gnu/5.4.0/../../../../lib64] ==> [/opt/easybuild/software/Core/GCCcore/5.4.0/lib64]
  collapse library dir [/lib/x86_64-linux-gnu] ==> [/lib/x86_64-linux-gnu]
  collapse library dir [/lib/../lib64] ==> [/lib64]
  collapse library dir [/usr/lib/x86_64-linux-gnu] ==> [/usr/lib/x86_64-linux-gnu]
  collapse library dir [/opt/easybuild/software/Compiler/GCCcore/5.4.0/ncurses/6.0/lib] ==> [/opt/easybuild/software/Compiler/GCCcore/5.4.0/ncurses/6.0/lib]
  collapse library dir [/opt/easybuild/software/MPI/GCC/5.4.0-2.26/OpenMPI/1.10.3/ScaLAPACK/2.0.2-OpenBLAS-0.2.18-LAPACK-3.6.1/lib] ==> [/opt/easybuild/software/MPI/GCC/5.4.0-2.26/OpenMPI/1.10.3/ScaLAPACK/2.0.2-OpenBLAS-0.2.18-LAPACK-3.6.1/lib]
  collapse library dir [/opt/easybuild/software/Compiler/GCC/5.4.0-2.26/OpenBLAS/0.2.18-LAPACK-3.6.1/lib] ==> [/opt/easybuild/software/Compiler/GCC/5.4.0-2.26/OpenBLAS/0.2.18-LAPACK-3.6.1/lib]
  collapse library dir [/opt/easybuild/software/Compiler/GCCcore/5.4.0/binutils/2.26/lib] ==> [/opt/easybuild/software/Compiler/GCCcore/5.4.0/binutils/2.26/lib]
  collapse library dir [/opt/easybuild/software/Core/GCCcore/5.4.0/lib64] ==> [/opt/easybuild/software/Core/GCCcore/5.4.0/lib64]
  collapse library dir [/opt/easybuild/software/Core/GCCcore/5.4.0/lib] ==> [/opt/easybuild/software/Core/GCCcore/5.4.0/lib]
  collapse library dir [/opt/easybuild/software/MPI/GCC/5.4.0-2.26/OpenMPI/1.10.3/FFTW/3.3.4/lib] ==> [/opt/easybuild/software/MPI/GCC/5.4.0-2.26/OpenMPI/1.10.3/FFTW/3.3.4/lib]
  collapse library dir [/opt/easybuild/software/Compiler/GCC/5.4.0-2.26/OpenMPI/1.10.3/lib] ==> [/opt/easybuild/software/Compiler/GCC/5.4.0-2.26/OpenMPI/1.10.3/lib]
  collapse library dir [/opt/easybuild/software/Compiler/GCC/5.4.0-2.26/hwloc/1.11.3/lib] ==> [/opt/easybuild/software/Compiler/GCC/5.4.0-2.26/hwloc/1.11.3/lib]
  collapse library dir [/opt/easybuild/software/Compiler/GCC/5.4.0-2.26/numactl/2.0.11/lib] ==> [/opt/easybuild/software/Compiler/GCC/5.4.0-2.26/numactl/2.0.11/lib]
  collapse library dir [/opt/easybuild/software/Core/GCCcore/5.4.0/lib/gcc/x86_64-unknown-linux-gnu/5.4.0/../../..] ==> [/opt/easybuild/software/Core/GCCcore/5.4.0/lib]
  implicit libs: [stdc++;m;c]
  implicit dirs: [/opt/easybuild/software/Core/GCCcore/5.4.0/lib64;/opt/easybuild/software/Core/GCCcore/5.4.0/lib/gcc/x86_64-unknown-linux-gnu/5.4.0;/lib/x86_64-linux-gnu;/lib64;/usr/lib/x86_64-linux-gnu;/opt/easybuild/software/Compiler/GCCcore/5.4.0/ncurses/6.0/lib;/opt/easybuild/software/MPI/GCC/5.4.0-2.26/OpenMPI/1.10.3/ScaLAPACK/2.0.2-OpenBLAS-0.2.18-LAPACK-3.6.1/lib;/opt/easybuild/software/Compiler/GCC/5.4.0-2.26/OpenBLAS/0.2.18-LAPACK-3.6.1/lib;/opt/easybuild/software/Compiler/GCCcore/5.4.0/binutils/2.26/lib;/opt/easybuild/software/Core/GCCcore/5.4.0/lib;/opt/easybuild/software/MPI/GCC/5.4.0-2.26/OpenMPI/1.10.3/FFTW/3.3.4/lib;/opt/easybuild/software/Compiler/GCC/5.4.0-2.26/OpenMPI/1.10.3/lib;/opt/easybuild/software/Compiler/GCC/5.4.0-2.26/hwloc/1.11.3/lib;/opt/easybuild/software/Compiler/GCC/5.4.0-2.26/numactl/2.0.11/lib]
  implicit fwks: []




Detecting CXX [-std=c++14] compiler features compiled with the following output:
Change Dir: /home/hd/hd_hd/hd_ly428/workspace/lte/multigroup/unit/build/CMakeFiles/CMakeTmp

Run Build Command:"/usr/bin/make" "cmTC_877db/fast"
/usr/bin/make -f CMakeFiles/cmTC_877db.dir/build.make CMakeFiles/cmTC_877db.dir/build
make[1]: Entering directory '/export/homebwfor/hd/hd_hd/hd_ly428/workspace/lte/multigroup/unit/build/CMakeFiles/CMakeTmp'
Building CXX object CMakeFiles/cmTC_877db.dir/feature_tests.cxx.o
/opt/easybuild/software/Core/GCCcore/5.4.0/bin/c++     -std=c++14 -o CMakeFiles/cmTC_877db.dir/feature_tests.cxx.o -c /home/hd/hd_hd/hd_ly428/workspace/lte/multigroup/unit/build/CMakeFiles/feature_tests.cxx
Linking CXX executable cmTC_877db
/opt/easybuild/software/MPI/GCC/5.4.0-2.26/OpenMPI/1.10.3/CMake/3.5.2/bin/cmake -E cmake_link_script CMakeFiles/cmTC_877db.dir/link.txt --verbose=1
/opt/easybuild/software/Core/GCCcore/5.4.0/bin/c++        CMakeFiles/cmTC_877db.dir/feature_tests.cxx.o  -o cmTC_877db -rdynamic 
make[1]: Leaving directory '/export/homebwfor/hd/hd_hd/hd_ly428/workspace/lte/multigroup/unit/build/CMakeFiles/CMakeTmp'


    Feature record: CXX_FEATURE:1cxx_aggregate_default_initializers
    Feature record: CXX_FEATURE:1cxx_alias_templates
    Feature record: CXX_FEATURE:1cxx_alignas
    Feature record: CXX_FEATURE:1cxx_alignof
    Feature record: CXX_FEATURE:1cxx_attributes
    Feature record: CXX_FEATURE:1cxx_attribute_deprecated
    Feature record: CXX_FEATURE:1cxx_auto_type
    Feature record: CXX_FEATURE:1cxx_binary_literals
    Feature record: CXX_FEATURE:1cxx_constexpr
    Feature record: CXX_FEATURE:1cxx_contextual_conversions
    Feature record: CXX_FEATURE:1cxx_decltype
    Feature record: CXX_FEATURE:1cxx_decltype_auto
    Feature record: CXX_FEATURE:1cxx_decltype_incomplete_return_types
    Feature record: CXX_FEATURE:1cxx_default_function_template_args
    Feature record: CXX_FEATURE:1cxx_defaulted_functions
    Feature record: CXX_FEATURE:1cxx_defaulted_move_initializers
    Feature record: CXX_FEATURE:1cxx_delegating_constructors
    Feature record: CXX_FEATURE:1cxx_deleted_functions
    Feature record: CXX_FEATURE:1cxx_digit_separators
    Feature record: CXX_FEATURE:1cxx_enum_forward_declarations
    Feature record: CXX_FEATURE:1cxx_explicit_conversions
    Feature record: CXX_FEATURE:1cxx_extended_friend_declarations
    Feature record: CXX_FEATURE:1cxx_extern_templates
    Feature record: CXX_FEATURE:1cxx_final
    Feature record: CXX_FEATURE:1cxx_func_identifier
    Feature record: CXX_FEATURE:1cxx_generalized_initializers
    Feature record: CXX_FEATURE:1cxx_generic_lambdas
    Feature record: CXX_FEATURE:1cxx_inheriting_constructors
    Feature record: CXX_FEATURE:1cxx_inline_namespaces
    Feature record: CXX_FEATURE:1cxx_lambdas
    Feature record: CXX_FEATURE:1cxx_lambda_init_captures
    Feature record: CXX_FEATURE:1cxx_local_type_template_args
    Feature record: CXX_FEATURE:1cxx_long_long_type
    Feature record: CXX_FEATURE:1cxx_noexcept
    Feature record: CXX_FEATURE:1cxx_nonstatic_member_init
    Feature record: CXX_FEATURE:1cxx_nullptr
    Feature record: CXX_FEATURE:1cxx_override
    Feature record: CXX_FEATURE:1cxx_range_for
    Feature record: CXX_FEATURE:1cxx_raw_string_literals
    Feature record: CXX_FEATURE:1cxx_reference_qualified_functions
    Feature record: CXX_FEATURE:1cxx_relaxed_constexpr
    Feature record: CXX_FEATURE:1cxx_return_type_deduction
    Feature record: CXX_FEATURE:1cxx_right_angle_brackets
    Feature record: CXX_FEATURE:1cxx_rvalue_references
    Feature record: CXX_FEATURE:1cxx_sizeof_member
    Feature record: CXX_FEATURE:1cxx_static_assert
    Feature record: CXX_FEATURE:1cxx_strong_enums
    Feature record: CXX_FEATURE:1cxx_template_template_parameters
    Feature record: CXX_FEATURE:1cxx_thread_local
    Feature record: CXX_FEATURE:1cxx_trailing_return_types
    Feature record: CXX_FEATURE:1cxx_unicode_literals
    Feature record: CXX_FEATURE:1cxx_uniform_initialization
    Feature record: CXX_FEATURE:1cxx_unrestricted_unions
    Feature record: CXX_FEATURE:1cxx_user_literals
    Feature record: CXX_FEATURE:1cxx_variable_templates
    Feature record: CXX_FEATURE:1cxx_variadic_macros
    Feature record: CXX_FEATURE:1cxx_variadic_templates


Detecting CXX [-std=c++11] compiler features compiled with the following output:
Change Dir: /home/hd/hd_hd/hd_ly428/workspace/lte/multigroup/unit/build/CMakeFiles/CMakeTmp

Run Build Command:"/usr/bin/make" "cmTC_a13a5/fast"
/usr/bin/make -f CMakeFiles/cmTC_a13a5.dir/build.make CMakeFiles/cmTC_a13a5.dir/build
make[1]: Entering directory '/export/homebwfor/hd/hd_hd/hd_ly428/workspace/lte/multigroup/unit/build/CMakeFiles/CMakeTmp'
Building CXX object CMakeFiles/cmTC_a13a5.dir/feature_tests.cxx.o
/opt/easybuild/software/Core/GCCcore/5.4.0/bin/c++     -std=c++11 -o CMakeFiles/cmTC_a13a5.dir/feature_tests.cxx.o -c /home/hd/hd_hd/hd_ly428/workspace/lte/multigroup/unit/build/CMakeFiles/feature_tests.cxx
Linking CXX executable cmTC_a13a5
/opt/easybuild/software/MPI/GCC/5.4.0-2.26/OpenMPI/1.10.3/CMake/3.5.2/bin/cmake -E cmake_link_script CMakeFiles/cmTC_a13a5.dir/link.txt --verbose=1
/opt/easybuild/software/Core/GCCcore/5.4.0/bin/c++        CMakeFiles/cmTC_a13a5.dir/feature_tests.cxx.o  -o cmTC_a13a5 -rdynamic 
make[1]: Leaving directory '/export/homebwfor/hd/hd_hd/hd_ly428/workspace/lte/multigroup/unit/build/CMakeFiles/CMakeTmp'


    Feature record: CXX_FEATURE:0cxx_aggregate_default_initializers
    Feature record: CXX_FEATURE:1cxx_alias_templates
    Feature record: CXX_FEATURE:1cxx_alignas
    Feature record: CXX_FEATURE:1cxx_alignof
    Feature record: CXX_FEATURE:1cxx_attributes
    Feature record: CXX_FEATURE:0cxx_attribute_deprecated
    Feature record: CXX_FEATURE:1cxx_auto_type
    Feature record: CXX_FEATURE:0cxx_binary_literals
    Feature record: CXX_FEATURE:1cxx_constexpr
    Feature record: CXX_FEATURE:0cxx_contextual_conversions
    Feature record: CXX_FEATURE:1cxx_decltype
    Feature record: CXX_FEATURE:0cxx_decltype_auto
    Feature record: CXX_FEATURE:1cxx_decltype_incomplete_return_types
    Feature record: CXX_FEATURE:1cxx_default_function_template_args
    Feature record: CXX_FEATURE:1cxx_defaulted_functions
    Feature record: CXX_FEATURE:1cxx_defaulted_move_initializers
    Feature record: CXX_FEATURE:1cxx_delegating_constructors
    Feature record: CXX_FEATURE:1cxx_deleted_functions
    Feature record: CXX_FEATURE:0cxx_digit_separators
    Feature record: CXX_FEATURE:1cxx_enum_forward_declarations
    Feature record: CXX_FEATURE:1cxx_explicit_conversions
    Feature record: CXX_FEATURE:1cxx_extended_friend_declarations
    Feature record: CXX_FEATURE:1cxx_extern_templates
    Feature record: CXX_FEATURE:1cxx_final
    Feature record: CXX_FEATURE:1cxx_func_identifier
    Feature record: CXX_FEATURE:1cxx_generalized_initializers
    Feature record: CXX_FEATURE:0cxx_generic_lambdas
    Feature record: CXX_FEATURE:1cxx_inheriting_constructors
    Feature record: CXX_FEATURE:1cxx_inline_namespaces
    Feature record: CXX_FEATURE:1cxx_lambdas
    Feature record: CXX_FEATURE:0cxx_lambda_init_captures
    Feature record: CXX_FEATURE:1cxx_local_type_template_args
    Feature record: CXX_FEATURE:1cxx_long_long_type
    Feature record: CXX_FEATURE:1cxx_noexcept
    Feature record: CXX_FEATURE:1cxx_nonstatic_member_init
    Feature record: CXX_FEATURE:1cxx_nullptr
    Feature record: CXX_FEATURE:1cxx_override
    Feature record: CXX_FEATURE:1cxx_range_for
    Feature record: CXX_FEATURE:1cxx_raw_string_literals
    Feature record: CXX_FEATURE:1cxx_reference_qualified_functions
    Feature record: CXX_FEATURE:0cxx_relaxed_constexpr
    Feature record: CXX_FEATURE:0cxx_return_type_deduction
    Feature record: CXX_FEATURE:1cxx_right_angle_brackets
    Feature record: CXX_FEATURE:1cxx_rvalue_references
    Feature record: CXX_FEATURE:1cxx_sizeof_member
    Feature record: CXX_FEATURE:1cxx_static_assert
    Feature record: CXX_FEATURE:1cxx_strong_enums
    Feature record: CXX_FEATURE:1cxx_template_template_parameters
    Feature record: CXX_FEATURE:1cxx_thread_local
    Feature record: CXX_FEATURE:1cxx_trailing_return_types
    Feature record: CXX_FEATURE:1cxx_unicode_literals
    Feature record: CXX_FEATURE:1cxx_uniform_initialization
    Feature record: CXX_FEATURE:1cxx_unrestricted_unions
    Feature record: CXX_FEATURE:1cxx_user_literals
    Feature record: CXX_FEATURE:0cxx_variable_templates
    Feature record: CXX_FEATURE:1cxx_variadic_macros
    Feature record: CXX_FEATURE:1cxx_variadic_templates


Detecting CXX [-std=c++98] compiler features compiled with the following output:
Change Dir: /home/hd/hd_hd/hd_ly428/workspace/lte/multigroup/unit/build/CMakeFiles/CMakeTmp

Run Build Command:"/usr/bin/make" "cmTC_761f0/fast"
/usr/bin/make -f CMakeFiles/cmTC_761f0.dir/build.make CMakeFiles/cmTC_761f0.dir/build
make[1]: Entering directory '/export/homebwfor/hd/hd_hd/hd_ly428/workspace/lte/multigroup/unit/build/CMakeFiles/CMakeTmp'
Building CXX object CMakeFiles/cmTC_761f0.dir/feature_tests.cxx.o
/opt/easybuild/software/Core/GCCcore/5.4.0/bin/c++     -std=c++98 -o CMakeFiles/cmTC_761f0.dir/feature_tests.cxx.o -c /home/hd/hd_hd/hd_ly428/workspace/lte/multigroup/unit/build/CMakeFiles/feature_tests.cxx
Linking CXX executable cmTC_761f0
/opt/easybuild/software/MPI/GCC/5.4.0-2.26/OpenMPI/1.10.3/CMake/3.5.2/bin/cmake -E cmake_link_script CMakeFiles/cmTC_761f0.dir/link.txt --verbose=1
/opt/easybuild/software/Core/GCCcore/5.4.0/bin/c++        CMakeFiles/cmTC_761f0.dir/feature_tests.cxx.o  -o cmTC_761f0 -rdynamic 
make[1]: Leaving directory '/export/homebwfor/hd/hd_hd/hd_ly428/workspace/lte/multigroup/unit/build/CMakeFiles/CMakeTmp'


    Feature record: CXX_FEATURE:0cxx_aggregate_default_initializers
    Feature record: CXX_FEATURE:0cxx_alias_templates
    Feature record: CXX_FEATURE:0cxx_alignas
    Feature record: CXX_FEATURE:0cxx_alignof
    Feature record: CXX_FEATURE:0cxx_attributes
    Feature record: CXX_FEATURE:0cxx_attribute_deprecated
    Feature record: CXX_FEATURE:0cxx_auto_type
    Feature record: CXX_FEATURE:0cxx_binary_literals
    Feature record: CXX_FEATURE:0cxx_constexpr
    Feature record: CXX_FEATURE:0cxx_contextual_conversions
    Feature record: CXX_FEATURE:0cxx_decltype
    Feature record: CXX_FEATURE:0cxx_decltype_auto
    Feature record: CXX_FEATURE:0cxx_decltype_incomplete_return_types
    Feature record: CXX_FEATURE:0cxx_default_function_template_args
    Feature record: CXX_FEATURE:0cxx_defaulted_functions
    Feature record: CXX_FEATURE:0cxx_defaulted_move_initializers
    Feature record: CXX_FEATURE:0cxx_delegating_constructors
    Feature record: CXX_FEATURE:0cxx_deleted_functions
    Feature record: CXX_FEATURE:0cxx_digit_separators
    Feature record: CXX_FEATURE:0cxx_enum_forward_declarations
    Feature record: CXX_FEATURE:0cxx_explicit_conversions
    Feature record: CXX_FEATURE:0cxx_extended_friend_declarations
    Feature record: CXX_FEATURE:0cxx_extern_templates
    Feature record: CXX_FEATURE:0cxx_final
    Feature record: CXX_FEATURE:0cxx_func_identifier
    Feature record: CXX_FEATURE:0cxx_generalized_initializers
    Feature record: CXX_FEATURE:0cxx_generic_lambdas
    Feature record: CXX_FEATURE:0cxx_inheriting_constructors
    Feature record: CXX_FEATURE:0cxx_inline_namespaces
    Feature record: CXX_FEATURE:0cxx_lambdas
    Feature record: CXX_FEATURE:0cxx_lambda_init_captures
    Feature record: CXX_FEATURE:0cxx_local_type_template_args
    Feature record: CXX_FEATURE:0cxx_long_long_type
    Feature record: CXX_FEATURE:0cxx_noexcept
    Feature record: CXX_FEATURE:0cxx_nonstatic_member_init
    Feature record: CXX_FEATURE:0cxx_nullptr
    Feature record: CXX_FEATURE:0cxx_override
    Feature record: CXX_FEATURE:0cxx_range_for
    Feature record: CXX_FEATURE:0cxx_raw_string_literals
    Feature record: CXX_FEATURE:0cxx_reference_qualified_functions
    Feature record: CXX_FEATURE:0cxx_relaxed_constexpr
    Feature record: CXX_FEATURE:0cxx_return_type_deduction
    Feature record: CXX_FEATURE:0cxx_right_angle_brackets
    Feature record: CXX_FEATURE:0cxx_rvalue_references
    Feature record: CXX_FEATURE:0cxx_sizeof_member
    Feature record: CXX_FEATURE:0cxx_static_assert
    Feature record: CXX_FEATURE:0cxx_strong_enums
    Feature record: CXX_FEATURE:1cxx_template_template_parameters
    Feature record: CXX_FEATURE:0cxx_thread_local
    Feature record: CXX_FEATURE:0cxx_trailing_return_types
    Feature record: CXX_FEATURE:0cxx_unicode_literals
    Feature record: CXX_FEATURE:0cxx_uniform_initialization
    Feature record: CXX_FEATURE:0cxx_unrestricted_unions
    Feature record: CXX_FEATURE:0cxx_user_literals
    Feature record: CXX_FEATURE:0cxx_variable_templates
    Feature record: CXX_FEATURE:0cxx_variadic_macros
    Feature record: CXX_FEATURE:0cxx_variadic_templates
